Using pre-set license
Built from '2021.3/staging' branch; Version is '2021.3.5f1 (40eb3a945986) revision 4254522'; Using compiler version '192829333'; Build Type 'Release'
OS: 'Windows 10  (10.0.19044) 64bit Enterprise' Language: 'ko' Physical Memory: 16243 MB
BatchMode: 1, IsHumanControllingUs: 0, StartBugReporterOnCrash: 0, Is64bit: 1, IsPro: 1

COMMAND LINE ARGUMENTS:
C:\Program Files\Unity\Hub\Editor\2021.3.5f1\Editor\Unity.exe
-adb2
-batchMode
-noUpm
-name
AssetImportWorker19
-projectPath
D:/User/AssignmentProject
-logFile
Logs/AssetImportWorker19.log
-srvPort
56095
Successfully changed project path to: D:/User/AssignmentProject
D:/User/AssignmentProject
[UnityMemory] Configuration Parameters - Can be set up in boot.config
    "memorysetup-bucket-allocator-granularity=16"
    "memorysetup-bucket-allocator-bucket-count=8"
    "memorysetup-bucket-allocator-block-size=33554432"
    "memorysetup-bucket-allocator-block-count=8"
    "memorysetup-main-allocator-block-size=16777216"
    "memorysetup-thread-allocator-block-size=16777216"
    "memorysetup-gfx-main-allocator-block-size=16777216"
    "memorysetup-gfx-thread-allocator-block-size=16777216"
    "memorysetup-cache-allocator-block-size=4194304"
    "memorysetup-typetree-allocator-block-size=2097152"
    "memorysetup-profiler-bucket-allocator-granularity=16"
    "memorysetup-profiler-bucket-allocator-bucket-count=8"
    "memorysetup-profiler-bucket-allocator-block-size=33554432"
    "memorysetup-profiler-bucket-allocator-block-count=8"
    "memorysetup-profiler-allocator-block-size=16777216"
    "memorysetup-profiler-editor-allocator-block-size=1048576"
    "memorysetup-temp-allocator-size-main=16777216"
    "memorysetup-job-temp-allocator-block-size=2097152"
    "memorysetup-job-temp-allocator-block-size-background=1048576"
    "memorysetup-job-temp-allocator-reduction-small-platforms=262144"
    "memorysetup-temp-allocator-size-background-worker=32768"
    "memorysetup-temp-allocator-size-job-worker=262144"
    "memorysetup-temp-allocator-size-preload-manager=33554432"
    "memorysetup-temp-allocator-size-nav-mesh-worker=65536"
    "memorysetup-temp-allocator-size-audio-worker=65536"
    "memorysetup-temp-allocator-size-cloud-worker=32768"
    "memorysetup-temp-allocator-size-gi-baking-worker=262144"
    "memorysetup-temp-allocator-size-gfx=262144"
Refreshing native plugins compatible for Editor in 142.01 ms, found 3 plugins.
Preloading 0 native plugins for Editor in 0.00 ms.
Initialize engine version: 2021.3.5f1 (40eb3a945986)
[Subsystems] Discovering subsystems at path C:/Program Files/Unity/Hub/Editor/2021.3.5f1/Editor/Data/Resources/UnitySubsystems
[Subsystems] Discovering subsystems at path D:/User/AssignmentProject/Assets
GfxDevice: creating device client; threaded=0; jobified=0
Direct3D:
    Version:  Direct3D 11.0 [level 11.1]
    Renderer: NVIDIA GeForce RTX 3080 (ID=0x2216)
    Vendor:   NVIDIA
    VRAM:     10078 MB
    Driver:   30.0.15.1215
Initialize mono
Mono path[0] = 'C:/Program Files/Unity/Hub/Editor/2021.3.5f1/Editor/Data/Managed'
Mono path[1] = 'C:/Program Files/Unity/Hub/Editor/2021.3.5f1/Editor/Data/MonoBleedingEdge/lib/mono/unityjit-win32'
Mono config path = 'C:/Program Files/Unity/Hub/Editor/2021.3.5f1/Editor/Data/MonoBleedingEdge/etc'
Using monoOptions --debugger-agent=transport=dt_socket,embedding=1,server=y,suspend=n,address=127.0.0.1:56532
Begin MonoManager ReloadAssembly
Registering precompiled unity dll's ...
Register platform support module: C:/Program Files/Unity/Hub/Editor/2021.3.5f1/Editor/Data/PlaybackEngines/AndroidPlayer/UnityEditor.Android.Extensions.dll
Register platform support module: C:/Program Files/Unity/Hub/Editor/2021.3.5f1/Editor/Data/PlaybackEngines/WindowsStandaloneSupport/UnityEditor.WindowsStandalone.Extensions.dll
Registered in 0.021985 seconds.
Native extension for WindowsStandalone target not found
Native extension for Android target not found
Refreshing native plugins compatible for Editor in 106.10 ms, found 3 plugins.
Preloading 0 native plugins for Editor in 0.00 ms.
Mono: successfully reloaded assembly
- Completed reload, in  0.906 seconds
Domain Reload Profiling:
	ReloadAssembly (907ms)
		BeginReloadAssembly (146ms)
			ExecutionOrderSort (0ms)
			DisableScriptedObjects (0ms)
			BackupInstance (0ms)
			ReleaseScriptingObjects (0ms)
			CreateAndSetChildDomain (1ms)
		EndReloadAssembly (596ms)
			LoadAssemblies (141ms)
			RebuildTransferFunctionScriptingTraits (0ms)
			SetupTypeCache (134ms)
			ReleaseScriptCaches (0ms)
			RebuildScriptCaches (32ms)
			SetupLoadedEditorAssemblies (356ms)
				LogAssemblyErrors (0ms)
				InitializePlatformSupportModulesInManaged (61ms)
				SetLoadedEditorAssemblies (0ms)
				RefreshPlugins (106ms)
				BeforeProcessingInitializeOnLoad (1ms)
				ProcessInitializeOnLoadAttributes (121ms)
				ProcessInitializeOnLoadMethodAttributes (66ms)
				AfterProcessingInitializeOnLoad (0ms)
				EditorAssembliesLoaded (0ms)
			ExecutionOrderSort2 (0ms)
			AwakeInstancesAfterBackupRestoration (0ms)
Platform modules already initialized, skipping
Registering precompiled user dll's ...
Registered in 0.007217 seconds.
Begin MonoManager ReloadAssembly
Symbol file LoadedFromMemory doesn't match image D:\User\AssignmentProject\Library\PackageCache\com.unity.visualscripting@1.7.8\Editor\VisualScripting.Core\Dependencies\YamlDotNet\Unity.VisualScripting.YamlDotNet.dll
Symbol file LoadedFromMemory doesn't match image D:\User\AssignmentProject\Library\PackageCache\com.unity.visualscripting@1.7.8\Editor\VisualScripting.Core\Dependencies\DotNetZip\Unity.VisualScripting.IonicZip.dll
Native extension for WindowsStandalone target not found
Native extension for Android target not found
Refreshing native plugins compatible for Editor in 0.82 ms, found 3 plugins.
Preloading 0 native plugins for Editor in 0.00 ms.
Mono: successfully reloaded assembly
- Completed reload, in  1.572 seconds
Domain Reload Profiling:
	ReloadAssembly (1574ms)
		BeginReloadAssembly (225ms)
			ExecutionOrderSort (0ms)
			DisableScriptedObjects (7ms)
			BackupInstance (0ms)
			ReleaseScriptingObjects (0ms)
			CreateAndSetChildDomain (20ms)
		EndReloadAssembly (1120ms)
			LoadAssemblies (214ms)
			RebuildTransferFunctionScriptingTraits (0ms)
			SetupTypeCache (398ms)
			ReleaseScriptCaches (1ms)
			RebuildScriptCaches (58ms)
			SetupLoadedEditorAssemblies (469ms)
				LogAssemblyErrors (0ms)
				InitializePlatformSupportModulesInManaged (22ms)
				SetLoadedEditorAssemblies (1ms)
				RefreshPlugins (1ms)
				BeforeProcessingInitializeOnLoad (109ms)
				ProcessInitializeOnLoadAttributes (283ms)
				ProcessInitializeOnLoadMethodAttributes (33ms)
				AfterProcessingInitializeOnLoad (21ms)
				EditorAssembliesLoaded (0ms)
			ExecutionOrderSort2 (0ms)
			AwakeInstancesAfterBackupRestoration (13ms)
Platform modules already initialized, skipping
========================================================================
Worker process is ready to serve import requests
Launched and connected shader compiler UnityShaderCompiler.exe after 0.06 seconds
Refreshing native plugins compatible for Editor in 0.78 ms, found 3 plugins.
Preloading 0 native plugins for Editor in 0.00 ms.
Unloading 3514 Unused Serialized files (Serialized files now loaded: 0)
Unloading 35 unused Assets / (1.0 MB). Loaded Objects now: 3989.
Memory consumption went from 147.0 MB to 146.0 MB.
Total: 3.700700 ms (FindLiveObjects: 0.456400 ms CreateObjectMapping: 0.122700 ms MarkObjects: 2.754500 ms  DeleteObjects: 0.366000 ms)

AssetImportParameters requested are different than current active one (requested -> active):
  custom:video-decoder-ogg-theora: a1e56fd34408186e4bbccfd4996cb3dc -> 
  custom:container-muxer-webm: aa71ff27fc2769a1b78a27578f13a17b -> 
  custom:container-demuxer-webm: 4f35f7cbe854078d1ac9338744f61a02 -> 
  custom:video-encoder-webm-vp8: eb34c28f22e8b96e1ab97ce403110664 -> 
  custom:audio-encoder-webm-vorbis: bf7c407c2cedff20999df2af8eb42d56 -> 
  custom:framework-win-MediaFoundation: 216162199b28c13a410421893ffa2e32 -> 
  custom:container-demuxer-ogg: 62fdf1f143b41e24485cea50d1cbac27 -> 
  custom:video-decoder-webm-vp8: 9c59270c3fd7afecdb556c50c9e8de78 -> 
  custom:audio-decoder-ogg-vorbis: bf7c407c2cedff20999df2af8eb42d56 -> 
========================================================================
Received Import Request.
  Time since last request: 584662.545117 seconds.
  path: Assets/Textures/Target/Mark_low_DefaultMaterial_Normal.png
  artifactKey: Guid(75de1b7d07c2ff842a0878e1afe82ed0) Importer(815301076,1909f56bfc062723c751e8b465ee728b)
Start importing Assets/Textures/Target/Mark_low_DefaultMaterial_Normal.png using Guid(75de1b7d07c2ff842a0878e1afe82ed0) Importer(815301076,1909f56bfc062723c751e8b465ee728b)  -> (artifact id: 'f6ed770b8742d6753f121b677a0a47d8') in 0.136818 seconds 
========================================================================
Received Import Request.
  Time since last request: 50.367532 seconds.
  path: Assets/JMO Assets/Cartoon FX Remaster/Demo Assets/CFXR Demo.asmdef
  artifactKey: Guid(b16f2517c64fb4c43848850704aba72e) Importer(815301076,1909f56bfc062723c751e8b465ee728b)
Start importing Assets/JMO Assets/Cartoon FX Remaster/Demo Assets/CFXR Demo.asmdef using Guid(b16f2517c64fb4c43848850704aba72e) Importer(815301076,1909f56bfc062723c751e8b465ee728b)  -> (artifact id: '836d5d43aa14f4bf7d76499be4d90a66') in 0.008059 seconds 
========================================================================
Received Import Request.
  Time since last request: 12.170750 seconds.
  path: Assets/JMO Assets/Cartoon FX Remaster/CFXR Assets/Graphics/cfxr aura runic hdr ab nosp.mat
  artifactKey: Guid(cbb6f419bbe7c6e4d9ce7e0322aa267d) Importer(815301076,1909f56bfc062723c751e8b465ee728b)
Start importing Assets/JMO Assets/Cartoon FX Remaster/CFXR Assets/Graphics/cfxr aura runic hdr ab nosp.mat using Guid(cbb6f419bbe7c6e4d9ce7e0322aa267d) Importer(815301076,1909f56bfc062723c751e8b465ee728b)  -> (artifact id: 'cfde78e5499f341b745fe004cab56de1') in 0.155299 seconds 
========================================================================
Received Import Request.
  Time since last request: 0.000025 seconds.
  path: Assets/JMO Assets/Cartoon FX Remaster/CFXR Assets/Graphics/cfxr flamme candle hdr ab.mat
  artifactKey: Guid(94ef692e9d05cb748aa09d827d566c78) Importer(815301076,1909f56bfc062723c751e8b465ee728b)
Start importing Assets/JMO Assets/Cartoon FX Remaster/CFXR Assets/Graphics/cfxr flamme candle hdr ab.mat using Guid(94ef692e9d05cb748aa09d827d566c78) Importer(815301076,1909f56bfc062723c751e8b465ee728b)  -> (artifact id: '54b70bfdb6b32fce7cffc578df0d5173') in 0.085845 seconds 
========================================================================
Received Import Request.
  Time since last request: 0.000037 seconds.
  path: Assets/JMO Assets/Cartoon FX Remaster/CFXR Assets/Graphics/cfxr electric arcs fade x4.png
  artifactKey: Guid(90641168f18ed794b9d271029cb78069) Importer(815301076,1909f56bfc062723c751e8b465ee728b)
Start importing Assets/JMO Assets/Cartoon FX Remaster/CFXR Assets/Graphics/cfxr electric arcs fade x4.png using Guid(90641168f18ed794b9d271029cb78069) Importer(815301076,1909f56bfc062723c751e8b465ee728b)  -> (artifact id: '82266723464e1cdbefdec27953ecb154') in 0.014522 seconds 
========================================================================
Received Import Request.
  Time since last request: 0.000032 seconds.
  path: Assets/JMO Assets/Cartoon FX Remaster/CFXR Assets/Graphics/cfxr debris 3x3.png
  artifactKey: Guid(c77bd9e350bb29b47bf79c281d43f52c) Importer(815301076,1909f56bfc062723c751e8b465ee728b)
Start importing Assets/JMO Assets/Cartoon FX Remaster/CFXR Assets/Graphics/cfxr debris 3x3.png using Guid(c77bd9e350bb29b47bf79c281d43f52c) Importer(815301076,1909f56bfc062723c751e8b465ee728b)  -> (artifact id: 'd23df452a892016ea6bf8c51dc4d1dd0') in 0.017567 seconds 
========================================================================
Received Import Request.
  Time since last request: 0.000029 seconds.
  path: Assets/JMO Assets/Cartoon FX Remaster/CFXR Assets/Graphics/cfxr debris wood 3x3 normal.png
  artifactKey: Guid(2becb40852344304cb0ba0dae53f5dbe) Importer(815301076,1909f56bfc062723c751e8b465ee728b)
Start importing Assets/JMO Assets/Cartoon FX Remaster/CFXR Assets/Graphics/cfxr debris wood 3x3 normal.png using Guid(2becb40852344304cb0ba0dae53f5dbe) Importer(815301076,1909f56bfc062723c751e8b465ee728b)  -> (artifact id: 'f4042e87833d2ff341d87aeb071868e6') in 0.015446 seconds 
========================================================================
Received Import Request.
  Time since last request: 0.000019 seconds.
  path: Assets/JMO Assets/Cartoon FX Remaster/CFXR Assets/Graphics/cfxr fire stepped fade hdr ab.mat
  artifactKey: Guid(e85fde2ff708fdf40ac2e97a57beea96) Importer(815301076,1909f56bfc062723c751e8b465ee728b)
Start importing Assets/JMO Assets/Cartoon FX Remaster/CFXR Assets/Graphics/cfxr fire stepped fade hdr ab.mat using Guid(e85fde2ff708fdf40ac2e97a57beea96) Importer(815301076,1909f56bfc062723c751e8b465ee728b)  -> (artifact id: '6f2a4e83abc83521a02f64a8efe7f5c3') in 0.036503 seconds 
========================================================================
Received Import Request.
  Time since last request: 0.000016 seconds.
  path: Assets/JMO Assets/Cartoon FX Remaster/CFXR Assets/Graphics/cfxr hit triangle dissolve.png
  artifactKey: Guid(fb6973fd296f0164f9879f3cb40f8b8b) Importer(815301076,1909f56bfc062723c751e8b465ee728b)
Start importing Assets/JMO Assets/Cartoon FX Remaster/CFXR Assets/Graphics/cfxr hit triangle dissolve.png using Guid(fb6973fd296f0164f9879f3cb40f8b8b) Importer(815301076,1909f56bfc062723c751e8b465ee728b)  -> (artifact id: '1f0f5d05b1eef8fa782eb0f5840b994e') in 0.009415 seconds 
========================================================================
Received Import Request.
  Time since last request: 0.000033 seconds.
  path: Assets/JMO Assets/Cartoon FX Remaster/CFXR Assets/Graphics/cfxr electric sparks ab.mat
  artifactKey: Guid(75b0637026ec53946a826eb34b74157e) Importer(815301076,1909f56bfc062723c751e8b465ee728b)
Start importing Assets/JMO Assets/Cartoon FX Remaster/CFXR Assets/Graphics/cfxr electric sparks ab.mat using Guid(75b0637026ec53946a826eb34b74157e) Importer(815301076,1909f56bfc062723c751e8b465ee728b)  -> (artifact id: '92f497ee52c487effcd5326ee77ff4b1') in 0.031157 seconds 
========================================================================
Received Import Request.
  Time since last request: 0.000018 seconds.
  path: Assets/JMO Assets/Cartoon FX Remaster/CFXR Assets/Graphics/cfxr electric sparks hdr ab.mat
  artifactKey: Guid(0aed4f47f3bcce64b83be8b64904bab4) Importer(815301076,1909f56bfc062723c751e8b465ee728b)
Start importing Assets/JMO Assets/Cartoon FX Remaster/CFXR Assets/Graphics/cfxr electric sparks hdr ab.mat using Guid(0aed4f47f3bcce64b83be8b64904bab4) Importer(815301076,1909f56bfc062723c751e8b465ee728b)  -> (artifact id: 'a0fca073b232e8b8126026eeacfd6e15') in 0.033411 seconds 
========================================================================
Received Import Request.
  Time since last request: 0.000038 seconds.
  path: Assets/JMO Assets/Cartoon FX Remaster/CFXR Assets/Graphics/cfxr flamme plain mid hdr ab.mat
  artifactKey: Guid(79806570957f1ae44a69055e0fad62f0) Importer(815301076,1909f56bfc062723c751e8b465ee728b)
Start importing Assets/JMO Assets/Cartoon FX Remaster/CFXR Assets/Graphics/cfxr flamme plain mid hdr ab.mat using Guid(79806570957f1ae44a69055e0fad62f0) Importer(815301076,1909f56bfc062723c751e8b465ee728b)  -> (artifact id: '41c2a79cdffc479139c15057572a5fe3') in 0.014343 seconds 
========================================================================
Received Import Request.
  Time since last request: 0.000028 seconds.
  path: Assets/JMO Assets/Cartoon FX Remaster/CFXR Assets/Graphics/cfxr flamme full blurred.png
  artifactKey: Guid(2d890239defb33943a2d8b9ca0c3d474) Importer(815301076,1909f56bfc062723c751e8b465ee728b)
Start importing Assets/JMO Assets/Cartoon FX Remaster/CFXR Assets/Graphics/cfxr flamme full blurred.png using Guid(2d890239defb33943a2d8b9ca0c3d474) Importer(815301076,1909f56bfc062723c751e8b465ee728b)  -> (artifact id: '616d12fc2d77ab247034628f2123b4de') in 0.011557 seconds 
========================================================================
Received Import Request.
  Time since last request: 0.000028 seconds.
  path: Assets/JMO Assets/Cartoon FX Remaster/CFXR Assets/Graphics/cfxr debris unlit 3x3.png
  artifactKey: Guid(ce355ddea16ad0a41abee534af68b82a) Importer(815301076,1909f56bfc062723c751e8b465ee728b)
Start importing Assets/JMO Assets/Cartoon FX Remaster/CFXR Assets/Graphics/cfxr debris unlit 3x3.png using Guid(ce355ddea16ad0a41abee534af68b82a) Importer(815301076,1909f56bfc062723c751e8b465ee728b)  -> (artifact id: 'fc0e9cc2cd4c491ffedc1cd8fea7e781') in 0.012363 seconds 
========================================================================
Received Import Request.
  Time since last request: 0.000032 seconds.
  path: Assets/JMO Assets/Cartoon FX Remaster/CFXR Assets/Graphics/cfxr debris 3x3 ab lit.mat
  artifactKey: Guid(21758c48417fe2e43b8845f710749ad7) Importer(815301076,1909f56bfc062723c751e8b465ee728b)
Start importing Assets/JMO Assets/Cartoon FX Remaster/CFXR Assets/Graphics/cfxr debris 3x3 ab lit.mat using Guid(21758c48417fe2e43b8845f710749ad7) Importer(815301076,1909f56bfc062723c751e8b465ee728b)  -> (artifact id: '98eb1388cd68b9eeec1ee1d3722716bd') in 0.085886 seconds 
========================================================================
Received Import Request.
  Time since last request: 0.000020 seconds.
  path: Assets/JMO Assets/Cartoon FX Remaster/CFXR Assets/Graphics/cfxr flamme crisp unstable fine hdr ab.mat
  artifactKey: Guid(e046315f6ccc43746abef96249d6e977) Importer(815301076,1909f56bfc062723c751e8b465ee728b)
Start importing Assets/JMO Assets/Cartoon FX Remaster/CFXR Assets/Graphics/cfxr flamme crisp unstable fine hdr ab.mat using Guid(e046315f6ccc43746abef96249d6e977) Importer(815301076,1909f56bfc062723c751e8b465ee728b)  -> (artifact id: '19a934d33ac61b212e0a97c40684c077') in 0.010148 seconds 
========================================================================
Received Import Request.
  Time since last request: 0.000019 seconds.
  path: Assets/JMO Assets/Cartoon FX Remaster/CFXR Assets/Graphics/cfxr leave b normal.png
  artifactKey: Guid(369b2c490985c3d4d8ab8ef86979a111) Importer(815301076,1909f56bfc062723c751e8b465ee728b)
Start importing Assets/JMO Assets/Cartoon FX Remaster/CFXR Assets/Graphics/cfxr leave b normal.png using Guid(369b2c490985c3d4d8ab8ef86979a111) Importer(815301076,1909f56bfc062723c751e8b465ee728b)  -> (artifact id: '4a5bba16e6ed75630e8a6d8dda22db96') in 0.009787 seconds 
========================================================================
Received Import Request.
  Time since last request: 0.000021 seconds.
  path: Assets/JMO Assets/Cartoon FX Remaster/CFXR Assets/Graphics/cfxr fly anim x4.png
  artifactKey: Guid(d580173d07130794fbd69bdb9a1d3793) Importer(815301076,1909f56bfc062723c751e8b465ee728b)
Start importing Assets/JMO Assets/Cartoon FX Remaster/CFXR Assets/Graphics/cfxr fly anim x4.png using Guid(d580173d07130794fbd69bdb9a1d3793) Importer(815301076,1909f56bfc062723c751e8b465ee728b)  -> (artifact id: 'cdfcfc4948eb5ac6bf2515e0e5330fd7') in 0.012863 seconds 
========================================================================
Received Import Request.
  Time since last request: 0.000042 seconds.
  path: Assets/JMO Assets/Cartoon FX Remaster/CFXR Assets/Graphics/cfxr ghost trail.png
  artifactKey: Guid(04e3293bfc8a48745964aeac5aa64a6e) Importer(815301076,1909f56bfc062723c751e8b465ee728b)
Start importing Assets/JMO Assets/Cartoon FX Remaster/CFXR Assets/Graphics/cfxr ghost trail.png using Guid(04e3293bfc8a48745964aeac5aa64a6e) Importer(815301076,1909f56bfc062723c751e8b465ee728b)  -> (artifact id: '0dfdc199f63ce212d74d09bc16b00b59') in 0.012365 seconds 
========================================================================
Received Import Request.
  Time since last request: 0.000032 seconds.
  path: Assets/JMO Assets/Cartoon FX Remaster/CFXR Assets/Graphics/cfxr fire small anim.png
  artifactKey: Guid(fef5bd719a2b6cf4ab443c0b29bc50c8) Importer(815301076,1909f56bfc062723c751e8b465ee728b)
Start importing Assets/JMO Assets/Cartoon FX Remaster/CFXR Assets/Graphics/cfxr fire small anim.png using Guid(fef5bd719a2b6cf4ab443c0b29bc50c8) Importer(815301076,1909f56bfc062723c751e8b465ee728b)  -> (artifact id: '4d69838391ecb2a16dfd5c2c3f32b8ed') in 0.012568 seconds 
========================================================================
Received Import Request.
  Time since last request: 0.000022 seconds.
  path: Assets/JMO Assets/Cartoon FX Remaster/CFXR Assets/Graphics/cfxr flamme plain stable fine hdr ab.mat
  artifactKey: Guid(b30794e932b29df4a9627af9df89645a) Importer(815301076,1909f56bfc062723c751e8b465ee728b)
Start importing Assets/JMO Assets/Cartoon FX Remaster/CFXR Assets/Graphics/cfxr flamme plain stable fine hdr ab.mat using Guid(b30794e932b29df4a9627af9df89645a) Importer(815301076,1909f56bfc062723c751e8b465ee728b)  -> (artifact id: '951e0e508a29d7b12b7214befbe236d2') in 0.016791 seconds 
========================================================================
Received Import Request.
  Time since last request: 0.000024 seconds.
  path: Assets/JMO Assets/Cartoon FX Remaster/CFXR Assets/Graphics/cfxr flamme blur.png
  artifactKey: Guid(f5ec3d9d039e8204d8b72ffc3ba810a6) Importer(815301076,1909f56bfc062723c751e8b465ee728b)
Start importing Assets/JMO Assets/Cartoon FX Remaster/CFXR Assets/Graphics/cfxr flamme blur.png using Guid(f5ec3d9d039e8204d8b72ffc3ba810a6) Importer(815301076,1909f56bfc062723c751e8b465ee728b)  -> (artifact id: 'af029d92c89a6f178f09d2c865a1ce0c') in 0.012250 seconds 
========================================================================
Received Import Request.
  Time since last request: 0.000036 seconds.
  path: Assets/JMO Assets/Cartoon FX Remaster/CFXR Assets/Graphics/cfxr fire circle crisp hdr ab.mat
  artifactKey: Guid(3dacf7558eb39c44990dc773a3c06cc6) Importer(815301076,1909f56bfc062723c751e8b465ee728b)
Start importing Assets/JMO Assets/Cartoon FX Remaster/CFXR Assets/Graphics/cfxr fire circle crisp hdr ab.mat using Guid(3dacf7558eb39c44990dc773a3c06cc6) Importer(815301076,1909f56bfc062723c751e8b465ee728b)  -> (artifact id: '5c71fcb19a0f3ba77236505149b945bc') in 0.014773 seconds 
========================================================================
Received Import Request.
  Time since last request: 0.000050 seconds.
  path: Assets/JMO Assets/Cartoon FX Remaster/CFXR Assets/Graphics/cfxr leave b ab lit normal.mat
  artifactKey: Guid(003c1ad2de9b7564795d3236f6794b7c) Importer(815301076,1909f56bfc062723c751e8b465ee728b)
Start importing Assets/JMO Assets/Cartoon FX Remaster/CFXR Assets/Graphics/cfxr leave b ab lit normal.mat using Guid(003c1ad2de9b7564795d3236f6794b7c) Importer(815301076,1909f56bfc062723c751e8b465ee728b)  -> (artifact id: 'cd0a3ac6f33a4fc2ff47db41d565533a') in 0.091878 seconds 
========================================================================
Received Import Request.
  Time since last request: 0.000041 seconds.
  path: Assets/JMO Assets/Cartoon FX Remaster/CFXR Assets/Graphics/cfxr aura runic.png
  artifactKey: Guid(ccb58def4933d4e46b7a1fc023bf6259) Importer(815301076,1909f56bfc062723c751e8b465ee728b)
Start importing Assets/JMO Assets/Cartoon FX Remaster/CFXR Assets/Graphics/cfxr aura runic.png using Guid(ccb58def4933d4e46b7a1fc023bf6259) Importer(815301076,1909f56bfc062723c751e8b465ee728b)  -> (artifact id: 'cb2eb7580b4b4ca24387fc0acc464f6b') in 0.009237 seconds 
========================================================================
Received Import Request.
  Time since last request: 0.000016 seconds.
  path: Assets/JMO Assets/Cartoon FX Remaster/CFXR Assets/Graphics/cfxr flamme crisp.png
  artifactKey: Guid(315b3593c4d9c5248858d9154173c6f6) Importer(815301076,1909f56bfc062723c751e8b465ee728b)
Start importing Assets/JMO Assets/Cartoon FX Remaster/CFXR Assets/Graphics/cfxr flamme crisp.png using Guid(315b3593c4d9c5248858d9154173c6f6) Importer(815301076,1909f56bfc062723c751e8b465ee728b)  -> (artifact id: '20996ebe3001af305b5260e91b099797') in 0.008276 seconds 
========================================================================
Received Import Request.
  Time since last request: 0.000020 seconds.
  path: Assets/JMO Assets/Cartoon FX Remaster/CFXR Assets/Graphics/cfxr fire crisp fade nosp hdr ab.mat
  artifactKey: Guid(ad419ece368c4894188f8b17a48a26a7) Importer(815301076,1909f56bfc062723c751e8b465ee728b)
Start importing Assets/JMO Assets/Cartoon FX Remaster/CFXR Assets/Graphics/cfxr fire crisp fade nosp hdr ab.mat using Guid(ad419ece368c4894188f8b17a48a26a7) Importer(815301076,1909f56bfc062723c751e8b465ee728b)  -> (artifact id: 'd2607fcd8b64d6752d6c2b26c2772b31') in 0.038346 seconds 
========================================================================
Received Import Request.
  Time since last request: 0.000036 seconds.
  path: Assets/JMO Assets/Cartoon FX Remaster/CFXR Assets/Graphics/cfxr explosion second color map.png
  artifactKey: Guid(cbe9410b182e9cd4787d6f068c564ad7) Importer(815301076,1909f56bfc062723c751e8b465ee728b)
Start importing Assets/JMO Assets/Cartoon FX Remaster/CFXR Assets/Graphics/cfxr explosion second color map.png using Guid(cbe9410b182e9cd4787d6f068c564ad7) Importer(815301076,1909f56bfc062723c751e8b465ee728b)  -> (artifact id: 'a1dc74fa8b114547fe40d9bfbdbdc052') in 0.011728 seconds 
========================================================================
Received Import Request.
  Time since last request: 0.000030 seconds.
  path: Assets/JMO Assets/Cartoon FX Remaster/CFXR Assets/Graphics/cfxr debris wood 3x3.png
  artifactKey: Guid(87ce40d5900abcf4e8019548afbdffe8) Importer(815301076,1909f56bfc062723c751e8b465ee728b)
Start importing Assets/JMO Assets/Cartoon FX Remaster/CFXR Assets/Graphics/cfxr debris wood 3x3.png using Guid(87ce40d5900abcf4e8019548afbdffe8) Importer(815301076,1909f56bfc062723c751e8b465ee728b)  -> (artifact id: '0ab1871d4789d063938374399775a676') in 0.013806 seconds 
========================================================================
Received Import Request.
  Time since last request: 0.000030 seconds.
  path: Assets/JMO Assets/Cartoon FX Remaster/CFXR Assets/Graphics/cfxr blood splash mesh.asset
  artifactKey: Guid(03b90fa8ed1d4104abc8b7431ab290e6) Importer(815301076,1909f56bfc062723c751e8b465ee728b)
Start importing Assets/JMO Assets/Cartoon FX Remaster/CFXR Assets/Graphics/cfxr blood splash mesh.asset using Guid(03b90fa8ed1d4104abc8b7431ab290e6) Importer(815301076,1909f56bfc062723c751e8b465ee728b)  -> (artifact id: '94c2502740ea306690297ba29cf74edc') in 0.041329 seconds 
========================================================================
Received Import Request.
  Time since last request: 0.000036 seconds.
  path: Assets/JMO Assets/Cartoon FX Remaster/CFXR Assets/Graphics/cfxr flamme blur unstable hdr ab.mat
  artifactKey: Guid(173b6b1a6db432f44b3636e0ca19e4db) Importer(815301076,1909f56bfc062723c751e8b465ee728b)
Start importing Assets/JMO Assets/Cartoon FX Remaster/CFXR Assets/Graphics/cfxr flamme blur unstable hdr ab.mat using Guid(173b6b1a6db432f44b3636e0ca19e4db) Importer(815301076,1909f56bfc062723c751e8b465ee728b)  -> (artifact id: 'f63a4e6790dbf2e2464d19b998042813') in 0.021989 seconds 
========================================================================
Received Import Request.
  Time since last request: 0.000048 seconds.
  path: Assets/JMO Assets/Cartoon FX Remaster/CFXR Assets/Graphics/cfxr debris wood 3x3 ab.mat
  artifactKey: Guid(7e65055c579688c4d8037b12e2dcd7a1) Importer(815301076,1909f56bfc062723c751e8b465ee728b)
Start importing Assets/JMO Assets/Cartoon FX Remaster/CFXR Assets/Graphics/cfxr debris wood 3x3 ab.mat using Guid(7e65055c579688c4d8037b12e2dcd7a1) Importer(815301076,1909f56bfc062723c751e8b465ee728b)  -> (artifact id: '33d1f830e64cd6fc715e113cce7a2191') in 0.019275 seconds 
========================================================================
Received Import Request.
  Time since last request: 0.000035 seconds.
  path: Assets/JMO Assets/Cartoon FX Remaster/CFXR Assets/Graphics/cfxr heart break parts.png
  artifactKey: Guid(7ee7dd8c3ff246a4896a05ac6f0bf041) Importer(815301076,1909f56bfc062723c751e8b465ee728b)
Start importing Assets/JMO Assets/Cartoon FX Remaster/CFXR Assets/Graphics/cfxr heart break parts.png using Guid(7ee7dd8c3ff246a4896a05ac6f0bf041) Importer(815301076,1909f56bfc062723c751e8b465ee728b)  -> (artifact id: '844c7497aab703e9f1f14ea8be1d565b') in 0.023005 seconds 
========================================================================
Received Import Request.
  Time since last request: 0.000025 seconds.
  path: Assets/JMO Assets/Cartoon FX Remaster/CFXR Assets/Graphics/cfxr blood splash dissolve ab.mat
  artifactKey: Guid(ccfff22ed954c6f41ade040a8a7c8f22) Importer(815301076,1909f56bfc062723c751e8b465ee728b)
Start importing Assets/JMO Assets/Cartoon FX Remaster/CFXR Assets/Graphics/cfxr blood splash dissolve ab.mat using Guid(ccfff22ed954c6f41ade040a8a7c8f22) Importer(815301076,1909f56bfc062723c751e8b465ee728b)  -> (artifact id: 'd5c8b44be5ac8652ee4dcd1e9c531824') in 0.086088 seconds 
========================================================================
Received Import Request.
  Time since last request: 0.000027 seconds.
  path: Assets/JMO Assets/Cartoon FX Remaster/CFXR Assets/Graphics/cfxr electric small anim2 7x2 ab.mat
  artifactKey: Guid(db8a5b9ece13e724aa993174dc3c6843) Importer(815301076,1909f56bfc062723c751e8b465ee728b)
Start importing Assets/JMO Assets/Cartoon FX Remaster/CFXR Assets/Graphics/cfxr electric small anim2 7x2 ab.mat using Guid(db8a5b9ece13e724aa993174dc3c6843) Importer(815301076,1909f56bfc062723c751e8b465ee728b)  -> (artifact id: 'b5b431262409e74225532f95422379f0') in 0.028942 seconds 
========================================================================
Received Import Request.
  Time since last request: 0.000020 seconds.
  path: Assets/JMO Assets/Cartoon FX Remaster/CFXR Assets/Graphics/cfxr flamme blur mid hdr ab.mat
  artifactKey: Guid(82d1a4b93a158084aa5868eaed32cc23) Importer(815301076,1909f56bfc062723c751e8b465ee728b)
Start importing Assets/JMO Assets/Cartoon FX Remaster/CFXR Assets/Graphics/cfxr flamme blur mid hdr ab.mat using Guid(82d1a4b93a158084aa5868eaed32cc23) Importer(815301076,1909f56bfc062723c751e8b465ee728b)  -> (artifact id: 'e2ecb523e2e2d6fdc2c13e6a0b0d5dd4') in 0.013070 seconds 
========================================================================
Received Import Request.
  Time since last request: 0.000023 seconds.
  path: Assets/JMO Assets/Cartoon FX Remaster/CFXR Assets/Graphics/cfxr debris 3x3 normal.png
  artifactKey: Guid(89e84656724ca9045bb4f742113d74be) Importer(815301076,1909f56bfc062723c751e8b465ee728b)
Start importing Assets/JMO Assets/Cartoon FX Remaster/CFXR Assets/Graphics/cfxr debris 3x3 normal.png using Guid(89e84656724ca9045bb4f742113d74be) Importer(815301076,1909f56bfc062723c751e8b465ee728b)  -> (artifact id: '4b565c1e2f6ed0316e7c32262a01e35f') in 0.019102 seconds 
========================================================================
Received Import Request.
  Time since last request: 0.000035 seconds.
  path: Assets/JMO Assets/Cartoon FX Remaster/CFXR Assets/Graphics/cfxr ember blur hdr ab.mat
  artifactKey: Guid(6cd2d08f4a4d93542aa0004bdac91566) Importer(815301076,1909f56bfc062723c751e8b465ee728b)
Start importing Assets/JMO Assets/Cartoon FX Remaster/CFXR Assets/Graphics/cfxr ember blur hdr ab.mat using Guid(6cd2d08f4a4d93542aa0004bdac91566) Importer(815301076,1909f56bfc062723c751e8b465ee728b)  -> (artifact id: 'dff74a688c15741fb233bbb02ce2d542') in 0.013329 seconds 
========================================================================
Received Import Request.
  Time since last request: 0.000034 seconds.
  path: Assets/JMO Assets/Cartoon FX Remaster/CFXR Assets/Graphics/cfxr flare add.mat
  artifactKey: Guid(30c41c686541ab64bb4c79d84567f3ed) Importer(815301076,1909f56bfc062723c751e8b465ee728b)
Start importing Assets/JMO Assets/Cartoon FX Remaster/CFXR Assets/Graphics/cfxr flare add.mat using Guid(30c41c686541ab64bb4c79d84567f3ed) Importer(815301076,1909f56bfc062723c751e8b465ee728b)  -> (artifact id: '7c358a304d96b122b70f9596fe3e2210') in 0.057263 seconds 
========================================================================
Received Import Request.
  Time since last request: 0.000022 seconds.
  path: Assets/JMO Assets/Cartoon FX Remaster/CFXR Assets/Graphics/cfxr debris ice 2x2 normal.png
  artifactKey: Guid(19748a8ba2114654bbdc0e540f47baba) Importer(815301076,1909f56bfc062723c751e8b465ee728b)
Start importing Assets/JMO Assets/Cartoon FX Remaster/CFXR Assets/Graphics/cfxr debris ice 2x2 normal.png using Guid(19748a8ba2114654bbdc0e540f47baba) Importer(815301076,1909f56bfc062723c751e8b465ee728b)  -> (artifact id: 'a5657954ccd5f64d0b085dccd36bd1b0') in 0.014002 seconds 
========================================================================
Received Import Request.
  Time since last request: 0.000038 seconds.
  path: Assets/JMO Assets/Cartoon FX Remaster/CFXR Assets/Graphics/cfxr fire crisp fade hdr ab.mat
  artifactKey: Guid(433cfee66f74fd94fa6149666cfbea29) Importer(815301076,1909f56bfc062723c751e8b465ee728b)
Start importing Assets/JMO Assets/Cartoon FX Remaster/CFXR Assets/Graphics/cfxr fire crisp fade hdr ab.mat using Guid(433cfee66f74fd94fa6149666cfbea29) Importer(815301076,1909f56bfc062723c751e8b465ee728b)  -> (artifact id: '48304add63a4b713e61042f6af6d47a5') in 0.016081 seconds 
========================================================================
Received Import Request.
  Time since last request: 0.000025 seconds.
  path: Assets/JMO Assets/Cartoon FX Remaster/CFXR Assets/Graphics/cfxr fire edge hdr ab.mat
  artifactKey: Guid(d9c5aa6680f32ab48a1e81e4c58c4851) Importer(815301076,1909f56bfc062723c751e8b465ee728b)
Start importing Assets/JMO Assets/Cartoon FX Remaster/CFXR Assets/Graphics/cfxr fire edge hdr ab.mat using Guid(d9c5aa6680f32ab48a1e81e4c58c4851) Importer(815301076,1909f56bfc062723c751e8b465ee728b)  -> (artifact id: 'f15fd5992649fe7553d6c86bcc1bf82b') in 0.102851 seconds 
========================================================================
Received Import Request.
  Time since last request: 0.000023 seconds.
  path: Assets/JMO Assets/Cartoon FX Remaster/CFXR Assets/Graphics/cfxr blood.png
  artifactKey: Guid(a29f55dbea218ca4fbd94deb36027aee) Importer(815301076,1909f56bfc062723c751e8b465ee728b)
Start importing Assets/JMO Assets/Cartoon FX Remaster/CFXR Assets/Graphics/cfxr blood.png using Guid(a29f55dbea218ca4fbd94deb36027aee) Importer(815301076,1909f56bfc062723c751e8b465ee728b)  -> (artifact id: 'abd393be6a24161c4de3a6cf4c3ae33f') in 0.008790 seconds 
========================================================================
Received Import Request.
  Time since last request: 0.000026 seconds.
  path: Assets/JMO Assets/Cartoon FX Remaster/CFXR Assets/Graphics/cfxr ember blur.png
  artifactKey: Guid(209460ccb2aaaf847a61d7e73c92f193) Importer(815301076,1909f56bfc062723c751e8b465ee728b)
Start importing Assets/JMO Assets/Cartoon FX Remaster/CFXR Assets/Graphics/cfxr ember blur.png using Guid(209460ccb2aaaf847a61d7e73c92f193) Importer(815301076,1909f56bfc062723c751e8b465ee728b)  -> (artifact id: '3787deb2f3e4578e5c2c0ed2f3c3191e') in 0.010072 seconds 
========================================================================
Received Import Request.
  Time since last request: 0.000021 seconds.
  path: Assets/JMO Assets/Cartoon FX Remaster/CFXR Assets/Graphics/cfxr fire circle blur.png
  artifactKey: Guid(5e0f8dcfc1b16c849ac880e3cd107176) Importer(815301076,1909f56bfc062723c751e8b465ee728b)
Start importing Assets/JMO Assets/Cartoon FX Remaster/CFXR Assets/Graphics/cfxr fire circle blur.png using Guid(5e0f8dcfc1b16c849ac880e3cd107176) Importer(815301076,1909f56bfc062723c751e8b465ee728b)  -> (artifact id: '3e3f504933227069f719945c5066eb2a') in 0.013065 seconds 
========================================================================
Received Import Request.
  Time since last request: 0.000023 seconds.
  path: Assets/JMO Assets/Cartoon FX Remaster/CFXR Assets/Graphics/cfxr flamme crisp mid fine hdr ab.mat
  artifactKey: Guid(d8a21f1c09eaf4d40a9e977784629cfa) Importer(815301076,1909f56bfc062723c751e8b465ee728b)
Start importing Assets/JMO Assets/Cartoon FX Remaster/CFXR Assets/Graphics/cfxr flamme crisp mid fine hdr ab.mat using Guid(d8a21f1c09eaf4d40a9e977784629cfa) Importer(815301076,1909f56bfc062723c751e8b465ee728b)  -> (artifact id: '18d50a07c1711deaf97953a8f2016501') in 0.014063 seconds 
========================================================================
Received Import Request.
  Time since last request: 0.000027 seconds.
  path: Assets/JMO Assets/Cartoon FX Remaster/CFXR Assets/Graphics/cfxr card diamond ab.mat
  artifactKey: Guid(f4814d2dd466a574d8746a53e0ab0443) Importer(815301076,1909f56bfc062723c751e8b465ee728b)
Start importing Assets/JMO Assets/Cartoon FX Remaster/CFXR Assets/Graphics/cfxr card diamond ab.mat using Guid(f4814d2dd466a574d8746a53e0ab0443) Importer(815301076,1909f56bfc062723c751e8b465ee728b)  -> (artifact id: 'b407ae27965cbf4f79ed830b1d5e1caa') in 0.058638 seconds 
========================================================================
Received Import Request.
  Time since last request: 0.413977 seconds.
  path: Assets/JMO Assets/Cartoon FX Remaster/CFXR Assets/Meshes/cfxr mesh disk.fbx
  artifactKey: Guid(7874f2765cea0a547827d03a8933235d) Importer(815301076,1909f56bfc062723c751e8b465ee728b)
Start importing Assets/JMO Assets/Cartoon FX Remaster/CFXR Assets/Meshes/cfxr mesh disk.fbx using Guid(7874f2765cea0a547827d03a8933235d) Importer(815301076,1909f56bfc062723c751e8b465ee728b)  -> (artifact id: 'bb1173dae65c2b2b90f6089e2778813b') in 0.049105 seconds 
========================================================================
Received Import Request.
  Time since last request: 0.000022 seconds.
  path: Assets/JMO Assets/Cartoon FX Remaster/CFXR Assets/Meshes/cfxr ring mesh local space.asset
  artifactKey: Guid(b0456bb37d6ff3b4e956cba074fb9253) Importer(815301076,1909f56bfc062723c751e8b465ee728b)
Start importing Assets/JMO Assets/Cartoon FX Remaster/CFXR Assets/Meshes/cfxr ring mesh local space.asset using Guid(b0456bb37d6ff3b4e956cba074fb9253) Importer(815301076,1909f56bfc062723c751e8b465ee728b)  -> (artifact id: '9b5daa81908153130dda5cbdcc02bd26') in 0.017260 seconds 
========================================================================
Received Import Request.
  Time since last request: 0.000039 seconds.
  path: Assets/JMO Assets/Cartoon FX Remaster/CFXR Assets/Meshes/cfxr mesh foam.fbx
  artifactKey: Guid(efd0ff1193063db498e9ddb30e96e4ee) Importer(815301076,1909f56bfc062723c751e8b465ee728b)
Start importing Assets/JMO Assets/Cartoon FX Remaster/CFXR Assets/Meshes/cfxr mesh foam.fbx using Guid(efd0ff1193063db498e9ddb30e96e4ee) Importer(815301076,1909f56bfc062723c751e8b465ee728b)  -> (artifact id: 'c0736dc2750082303cd9544ae4d70b57') in 0.022870 seconds 
========================================================================
Received Import Request.
  Time since last request: 0.000031 seconds.
  path: Assets/JMO Assets/Cartoon FX Remaster/CFXR Assets/Meshes/cfxr ring mesh half.asset
  artifactKey: Guid(ce103771ce3690f4c89d46b35e47d417) Importer(815301076,1909f56bfc062723c751e8b465ee728b)
Start importing Assets/JMO Assets/Cartoon FX Remaster/CFXR Assets/Meshes/cfxr ring mesh half.asset using Guid(ce103771ce3690f4c89d46b35e47d417) Importer(815301076,1909f56bfc062723c751e8b465ee728b)  -> (artifact id: '1243188bb49109be413cd7e846178690') in 0.016694 seconds 
========================================================================
Received Import Request.
  Time since last request: 0.000035 seconds.
  path: Assets/JMO Assets/Cartoon FX Remaster/CFXR Assets/Meshes/cfxr mesh star4.fbx
  artifactKey: Guid(a3e854b0e6a2a7d48ad61e15d33575de) Importer(815301076,1909f56bfc062723c751e8b465ee728b)
Start importing Assets/JMO Assets/Cartoon FX Remaster/CFXR Assets/Meshes/cfxr mesh star4.fbx using Guid(a3e854b0e6a2a7d48ad61e15d33575de) Importer(815301076,1909f56bfc062723c751e8b465ee728b)  -> (artifact id: 'e396cd1d7c56b5f375969bc102ad83ad') in 0.022330 seconds 
========================================================================
Received Import Request.
  Time since last request: 0.000029 seconds.
  path: Assets/JMO Assets/Cartoon FX Remaster/CFXR Assets/Meshes/cfxr ring mesh.asset
  artifactKey: Guid(a78b06c58d03f5d4fbb74ba21020241e) Importer(815301076,1909f56bfc062723c751e8b465ee728b)
Start importing Assets/JMO Assets/Cartoon FX Remaster/CFXR Assets/Meshes/cfxr ring mesh.asset using Guid(a78b06c58d03f5d4fbb74ba21020241e) Importer(815301076,1909f56bfc062723c751e8b465ee728b)  -> (artifact id: '1139327ce5dcce316bf6a14065b65f79') in 0.015743 seconds 
========================================================================
Received Import Request.
  Time since last request: 0.000023 seconds.
  path: Assets/JMO Assets/Cartoon FX Remaster/CFXR Assets/Meshes/cfxr particle_electric_arc.fbx
  artifactKey: Guid(192a51b0671a3e949b6876606c3205db) Importer(815301076,1909f56bfc062723c751e8b465ee728b)
Start importing Assets/JMO Assets/Cartoon FX Remaster/CFXR Assets/Meshes/cfxr particle_electric_arc.fbx using Guid(192a51b0671a3e949b6876606c3205db) Importer(815301076,1909f56bfc062723c751e8b465ee728b)  -> (artifact id: '0354a5ff574ccaa7b81061608ffb49c9') in 0.079988 seconds 
========================================================================
Received Import Request.
  Time since last request: 0.804677 seconds.
  path: Assets/JMO Assets/Cartoon FX Remaster/CFXR Assets/Misc/cfxr particle font.mat
  artifactKey: Guid(daedbca3d89ee8640bed0c051d176ff9) Importer(815301076,1909f56bfc062723c751e8b465ee728b)
Start importing Assets/JMO Assets/Cartoon FX Remaster/CFXR Assets/Misc/cfxr particle font.mat using Guid(daedbca3d89ee8640bed0c051d176ff9) Importer(815301076,1909f56bfc062723c751e8b465ee728b)  -> (artifact id: '299aded3f53c97e8f5626b654987f8d1') in 0.062366 seconds 
========================================================================
Received Import Request.
  Time since last request: 0.000015 seconds.
  path: Assets/JMO Assets/Cartoon FX Remaster/CFXR Assets/Misc/cfxr ParticleFont WashYourHand.asset
  artifactKey: Guid(248c4661420fe3d48b7f14d4c8afe6ab) Importer(815301076,1909f56bfc062723c751e8b465ee728b)
Start importing Assets/JMO Assets/Cartoon FX Remaster/CFXR Assets/Misc/cfxr ParticleFont WashYourHand.asset using Guid(248c4661420fe3d48b7f14d4c8afe6ab) Importer(815301076,1909f56bfc062723c751e8b465ee728b)  -> (artifact id: '522de668e67c06b2d778c3407009cc50') in 0.005756 seconds 
========================================================================
Received Import Request.
  Time since last request: 0.000017 seconds.
  path: Assets/JMO Assets/Cartoon FX Remaster/CFXR Assets/Misc/cfxr ParticleFont AmazGoDaBold.asset
  artifactKey: Guid(6107d49d5744fb24eb855f7abb997756) Importer(815301076,1909f56bfc062723c751e8b465ee728b)
Start importing Assets/JMO Assets/Cartoon FX Remaster/CFXR Assets/Misc/cfxr ParticleFont AmazGoDaBold.asset using Guid(6107d49d5744fb24eb855f7abb997756) Importer(815301076,1909f56bfc062723c751e8b465ee728b)  -> (artifact id: 'e7f0638010b101caf6bb5d8ef373a31e') in 0.003991 seconds 
========================================================================
Received Import Request.
  Time since last request: 1.285740 seconds.
  path: Assets/JMO Assets/Cartoon FX Remaster/CFXR Assets/Shaders/CFXR_URP.cginc
  artifactKey: Guid(3eab241579cd5514388d88f452714385) Importer(815301076,1909f56bfc062723c751e8b465ee728b)
Start importing Assets/JMO Assets/Cartoon FX Remaster/CFXR Assets/Shaders/CFXR_URP.cginc using Guid(3eab241579cd5514388d88f452714385) Importer(815301076,1909f56bfc062723c751e8b465ee728b)  -> (artifact id: 'a4fcba580f72350157f0d608469503e5') in 0.006443 seconds 
Editor requested this worker to shutdown with reason: Scaling down because of idle timeout
AssetImportWorker is now disconnected from the server
Process exiting
Exiting without the bug reporter. Application will terminate with return code 0