Using pre-set license
Built from '2021.3/staging' branch; Version is '2021.3.5f1 (40eb3a945986) revision 4254522'; Using compiler version '192829333'; Build Type 'Release'
OS: 'Windows 10  (10.0.19044) 64bit Enterprise' Language: 'ko' Physical Memory: 16243 MB
BatchMode: 1, IsHumanControllingUs: 0, StartBugReporterOnCrash: 0, Is64bit: 1, IsPro: 1

COMMAND LINE ARGUMENTS:
C:\Program Files\Unity\Hub\Editor\2021.3.5f1\Editor\Unity.exe
-adb2
-batchMode
-noUpm
-name
AssetImportWorker10
-projectPath
D:/User/AssignmentProject
-logFile
Logs/AssetImportWorker10.log
-srvPort
56095
Successfully changed project path to: D:/User/AssignmentProject
D:/User/AssignmentProject
[UnityMemory] Configuration Parameters - Can be set up in boot.config
    "memorysetup-bucket-allocator-granularity=16"
    "memorysetup-bucket-allocator-bucket-count=8"
    "memorysetup-bucket-allocator-block-size=33554432"
    "memorysetup-bucket-allocator-block-count=8"
    "memorysetup-main-allocator-block-size=16777216"
    "memorysetup-thread-allocator-block-size=16777216"
    "memorysetup-gfx-main-allocator-block-size=16777216"
    "memorysetup-gfx-thread-allocator-block-size=16777216"
    "memorysetup-cache-allocator-block-size=4194304"
    "memorysetup-typetree-allocator-block-size=2097152"
    "memorysetup-profiler-bucket-allocator-granularity=16"
    "memorysetup-profiler-bucket-allocator-bucket-count=8"
    "memorysetup-profiler-bucket-allocator-block-size=33554432"
    "memorysetup-profiler-bucket-allocator-block-count=8"
    "memorysetup-profiler-allocator-block-size=16777216"
    "memorysetup-profiler-editor-allocator-block-size=1048576"
    "memorysetup-temp-allocator-size-main=16777216"
    "memorysetup-job-temp-allocator-block-size=2097152"
    "memorysetup-job-temp-allocator-block-size-background=1048576"
    "memorysetup-job-temp-allocator-reduction-small-platforms=262144"
    "memorysetup-temp-allocator-size-background-worker=32768"
    "memorysetup-temp-allocator-size-job-worker=262144"
    "memorysetup-temp-allocator-size-preload-manager=33554432"
    "memorysetup-temp-allocator-size-nav-mesh-worker=65536"
    "memorysetup-temp-allocator-size-audio-worker=65536"
    "memorysetup-temp-allocator-size-cloud-worker=32768"
    "memorysetup-temp-allocator-size-gi-baking-worker=262144"
    "memorysetup-temp-allocator-size-gfx=262144"
Refreshing native plugins compatible for Editor in 103.88 ms, found 3 plugins.
Preloading 0 native plugins for Editor in 0.00 ms.
Initialize engine version: 2021.3.5f1 (40eb3a945986)
[Subsystems] Discovering subsystems at path C:/Program Files/Unity/Hub/Editor/2021.3.5f1/Editor/Data/Resources/UnitySubsystems
[Subsystems] Discovering subsystems at path D:/User/AssignmentProject/Assets
GfxDevice: creating device client; threaded=0; jobified=0
Direct3D:
    Version:  Direct3D 11.0 [level 11.1]
    Renderer: NVIDIA GeForce RTX 3080 (ID=0x2216)
    Vendor:   NVIDIA
    VRAM:     10078 MB
    Driver:   30.0.15.1215
Initialize mono
Mono path[0] = 'C:/Program Files/Unity/Hub/Editor/2021.3.5f1/Editor/Data/Managed'
Mono path[1] = 'C:/Program Files/Unity/Hub/Editor/2021.3.5f1/Editor/Data/MonoBleedingEdge/lib/mono/unityjit-win32'
Mono config path = 'C:/Program Files/Unity/Hub/Editor/2021.3.5f1/Editor/Data/MonoBleedingEdge/etc'
Using monoOptions --debugger-agent=transport=dt_socket,embedding=1,server=y,suspend=n,address=127.0.0.1:56144
Begin MonoManager ReloadAssembly
Registering precompiled unity dll's ...
Register platform support module: C:/Program Files/Unity/Hub/Editor/2021.3.5f1/Editor/Data/PlaybackEngines/AndroidPlayer/UnityEditor.Android.Extensions.dll
Register platform support module: C:/Program Files/Unity/Hub/Editor/2021.3.5f1/Editor/Data/PlaybackEngines/WindowsStandaloneSupport/UnityEditor.WindowsStandalone.Extensions.dll
Registered in 0.019660 seconds.
Native extension for WindowsStandalone target not found
Native extension for Android target not found
Refreshing native plugins compatible for Editor in 99.21 ms, found 3 plugins.
Preloading 0 native plugins for Editor in 0.00 ms.
Mono: successfully reloaded assembly
- Completed reload, in  0.815 seconds
Domain Reload Profiling:
	ReloadAssembly (816ms)
		BeginReloadAssembly (130ms)
			ExecutionOrderSort (0ms)
			DisableScriptedObjects (0ms)
			BackupInstance (0ms)
			ReleaseScriptingObjects (0ms)
			CreateAndSetChildDomain (1ms)
		EndReloadAssembly (533ms)
			LoadAssemblies (126ms)
			RebuildTransferFunctionScriptingTraits (0ms)
			SetupTypeCache (115ms)
			ReleaseScriptCaches (0ms)
			RebuildScriptCaches (31ms)
			SetupLoadedEditorAssemblies (323ms)
				LogAssemblyErrors (0ms)
				InitializePlatformSupportModulesInManaged (56ms)
				SetLoadedEditorAssemblies (0ms)
				RefreshPlugins (99ms)
				BeforeProcessingInitializeOnLoad (1ms)
				ProcessInitializeOnLoadAttributes (107ms)
				ProcessInitializeOnLoadMethodAttributes (58ms)
				AfterProcessingInitializeOnLoad (0ms)
				EditorAssembliesLoaded (0ms)
			ExecutionOrderSort2 (0ms)
			AwakeInstancesAfterBackupRestoration (0ms)
Platform modules already initialized, skipping
Registering precompiled user dll's ...
Registered in 0.012330 seconds.
Begin MonoManager ReloadAssembly
Symbol file LoadedFromMemory doesn't match image D:\User\AssignmentProject\Library\PackageCache\com.unity.visualscripting@1.7.8\Editor\VisualScripting.Core\Dependencies\YamlDotNet\Unity.VisualScripting.YamlDotNet.dll
Symbol file LoadedFromMemory doesn't match image D:\User\AssignmentProject\Library\PackageCache\com.unity.visualscripting@1.7.8\Editor\VisualScripting.Core\Dependencies\DotNetZip\Unity.VisualScripting.IonicZip.dll
Native extension for WindowsStandalone target not found
Native extension for Android target not found
Refreshing native plugins compatible for Editor in 0.75 ms, found 3 plugins.
Preloading 0 native plugins for Editor in 0.00 ms.
Mono: successfully reloaded assembly
- Completed reload, in  1.218 seconds
Domain Reload Profiling:
	ReloadAssembly (1219ms)
		BeginReloadAssembly (118ms)
			ExecutionOrderSort (0ms)
			DisableScriptedObjects (6ms)
			BackupInstance (0ms)
			ReleaseScriptingObjects (0ms)
			CreateAndSetChildDomain (17ms)
		EndReloadAssembly (964ms)
			LoadAssemblies (126ms)
			RebuildTransferFunctionScriptingTraits (0ms)
			SetupTypeCache (288ms)
			ReleaseScriptCaches (0ms)
			RebuildScriptCaches (51ms)
			SetupLoadedEditorAssemblies (450ms)
				LogAssemblyErrors (0ms)
				InitializePlatformSupportModulesInManaged (21ms)
				SetLoadedEditorAssemblies (0ms)
				RefreshPlugins (1ms)
				BeforeProcessingInitializeOnLoad (104ms)
				ProcessInitializeOnLoadAttributes (272ms)
				ProcessInitializeOnLoadMethodAttributes (34ms)
				AfterProcessingInitializeOnLoad (18ms)
				EditorAssembliesLoaded (0ms)
			ExecutionOrderSort2 (0ms)
			AwakeInstancesAfterBackupRestoration (11ms)
Platform modules already initialized, skipping
========================================================================
Worker process is ready to serve import requests
Launched and connected shader compiler UnityShaderCompiler.exe after 0.05 seconds
Refreshing native plugins compatible for Editor in 0.73 ms, found 3 plugins.
Preloading 0 native plugins for Editor in 0.00 ms.
Unloading 3520 Unused Serialized files (Serialized files now loaded: 0)
Unloading 35 unused Assets / (1.0 MB). Loaded Objects now: 3994.
Memory consumption went from 147.0 MB to 146.0 MB.
Total: 3.481200 ms (FindLiveObjects: 0.429600 ms CreateObjectMapping: 0.119100 ms MarkObjects: 2.561700 ms  DeleteObjects: 0.369800 ms)

AssetImportParameters requested are different than current active one (requested -> active):
  custom:video-decoder-ogg-theora: a1e56fd34408186e4bbccfd4996cb3dc -> 
  custom:container-muxer-webm: aa71ff27fc2769a1b78a27578f13a17b -> 
  custom:container-demuxer-webm: 4f35f7cbe854078d1ac9338744f61a02 -> 
  custom:video-encoder-webm-vp8: eb34c28f22e8b96e1ab97ce403110664 -> 
  custom:audio-encoder-webm-vorbis: bf7c407c2cedff20999df2af8eb42d56 -> 
  custom:framework-win-MediaFoundation: 216162199b28c13a410421893ffa2e32 -> 
  custom:container-demuxer-ogg: 62fdf1f143b41e24485cea50d1cbac27 -> 
  custom:video-decoder-webm-vp8: 9c59270c3fd7afecdb556c50c9e8de78 -> 
  custom:audio-decoder-ogg-vorbis: bf7c407c2cedff20999df2af8eb42d56 -> 
========================================================================
Received Prepare
Registering precompiled user dll's ...
Registered in 0.006394 seconds.
Begin MonoManager ReloadAssembly
Symbol file LoadedFromMemory doesn't match image D:\User\AssignmentProject\Library\PackageCache\com.unity.visualscripting@1.7.8\Editor\VisualScripting.Core\Dependencies\YamlDotNet\Unity.VisualScripting.YamlDotNet.dll
Symbol file LoadedFromMemory doesn't match image D:\User\AssignmentProject\Library\PackageCache\com.unity.visualscripting@1.7.8\Editor\VisualScripting.Core\Dependencies\DotNetZip\Unity.VisualScripting.IonicZip.dll
Native extension for WindowsStandalone target not found
Native extension for Android target not found
Refreshing native plugins compatible for Editor in 0.80 ms, found 3 plugins.
Preloading 0 native plugins for Editor in 0.00 ms.
Mono: successfully reloaded assembly
- Completed reload, in  1.164 seconds
Domain Reload Profiling:
	ReloadAssembly (1165ms)
		BeginReloadAssembly (163ms)
			ExecutionOrderSort (0ms)
			DisableScriptedObjects (6ms)
			BackupInstance (0ms)
			ReleaseScriptingObjects (0ms)
			CreateAndSetChildDomain (33ms)
		EndReloadAssembly (882ms)
			LoadAssemblies (125ms)
			RebuildTransferFunctionScriptingTraits (0ms)
			SetupTypeCache (292ms)
			ReleaseScriptCaches (1ms)
			RebuildScriptCaches (42ms)
			SetupLoadedEditorAssemblies (390ms)
				LogAssemblyErrors (0ms)
				InitializePlatformSupportModulesInManaged (29ms)
				SetLoadedEditorAssemblies (0ms)
				RefreshPlugins (1ms)
				BeforeProcessingInitializeOnLoad (82ms)
				ProcessInitializeOnLoadAttributes (227ms)
				ProcessInitializeOnLoadMethodAttributes (31ms)
				AfterProcessingInitializeOnLoad (20ms)
				EditorAssembliesLoaded (0ms)
			ExecutionOrderSort2 (0ms)
			AwakeInstancesAfterBackupRestoration (12ms)
Platform modules already initialized, skipping
Refreshing native plugins compatible for Editor in 2.23 ms, found 3 plugins.
Preloading 0 native plugins for Editor in 0.00 ms.
Unloading 3477 Unused Serialized files (Serialized files now loaded: 0)
Unloading 27 unused Assets / (1.0 MB). Loaded Objects now: 3997.
Memory consumption went from 143.2 MB to 142.2 MB.
Total: 3.878000 ms (FindLiveObjects: 0.397700 ms CreateObjectMapping: 0.087400 ms MarkObjects: 3.034800 ms  DeleteObjects: 0.357000 ms)

AssetImportParameters requested are different than current active one (requested -> active):
  custom:video-decoder-ogg-theora: a1e56fd34408186e4bbccfd4996cb3dc -> 
  custom:container-muxer-webm: aa71ff27fc2769a1b78a27578f13a17b -> 
  custom:container-demuxer-webm: 4f35f7cbe854078d1ac9338744f61a02 -> 
  custom:video-encoder-webm-vp8: eb34c28f22e8b96e1ab97ce403110664 -> 
  custom:audio-encoder-webm-vorbis: bf7c407c2cedff20999df2af8eb42d56 -> 
  custom:framework-win-MediaFoundation: 216162199b28c13a410421893ffa2e32 -> 
  custom:container-demuxer-ogg: 62fdf1f143b41e24485cea50d1cbac27 -> 
  custom:video-decoder-webm-vp8: 9c59270c3fd7afecdb556c50c9e8de78 -> 
  custom:audio-decoder-ogg-vorbis: bf7c407c2cedff20999df2af8eb42d56 -> 
========================================================================
Received Prepare
Registering precompiled user dll's ...
Registered in 0.007012 seconds.
Begin MonoManager ReloadAssembly
Symbol file LoadedFromMemory doesn't match image D:\User\AssignmentProject\Library\PackageCache\com.unity.visualscripting@1.7.8\Editor\VisualScripting.Core\Dependencies\YamlDotNet\Unity.VisualScripting.YamlDotNet.dll
Symbol file LoadedFromMemory doesn't match image D:\User\AssignmentProject\Library\PackageCache\com.unity.visualscripting@1.7.8\Editor\VisualScripting.Core\Dependencies\DotNetZip\Unity.VisualScripting.IonicZip.dll
Native extension for WindowsStandalone target not found
Native extension for Android target not found
Refreshing native plugins compatible for Editor in 0.67 ms, found 3 plugins.
Preloading 0 native plugins for Editor in 0.00 ms.
Mono: successfully reloaded assembly
- Completed reload, in  1.198 seconds
Domain Reload Profiling:
	ReloadAssembly (1199ms)
		BeginReloadAssembly (179ms)
			ExecutionOrderSort (0ms)
			DisableScriptedObjects (7ms)
			BackupInstance (0ms)
			ReleaseScriptingObjects (0ms)
			CreateAndSetChildDomain (32ms)
		EndReloadAssembly (901ms)
			LoadAssemblies (141ms)
			RebuildTransferFunctionScriptingTraits (0ms)
			SetupTypeCache (274ms)
			ReleaseScriptCaches (1ms)
			RebuildScriptCaches (48ms)
			SetupLoadedEditorAssemblies (414ms)
				LogAssemblyErrors (0ms)
				InitializePlatformSupportModulesInManaged (31ms)
				SetLoadedEditorAssemblies (1ms)
				RefreshPlugins (1ms)
				BeforeProcessingInitializeOnLoad (88ms)
				ProcessInitializeOnLoadAttributes (240ms)
				ProcessInitializeOnLoadMethodAttributes (33ms)
				AfterProcessingInitializeOnLoad (21ms)
				EditorAssembliesLoaded (0ms)
			ExecutionOrderSort2 (0ms)
			AwakeInstancesAfterBackupRestoration (14ms)
Platform modules already initialized, skipping
Refreshing native plugins compatible for Editor in 2.31 ms, found 3 plugins.
Preloading 0 native plugins for Editor in 0.00 ms.
Unloading 3477 Unused Serialized files (Serialized files now loaded: 0)
Unloading 27 unused Assets / (1.0 MB). Loaded Objects now: 4000.
Memory consumption went from 143.2 MB to 142.2 MB.
Total: 3.367600 ms (FindLiveObjects: 0.379400 ms CreateObjectMapping: 0.090200 ms MarkObjects: 2.420800 ms  DeleteObjects: 0.475900 ms)

AssetImportParameters requested are different than current active one (requested -> active):
  custom:video-decoder-ogg-theora: a1e56fd34408186e4bbccfd4996cb3dc -> 
  custom:container-muxer-webm: aa71ff27fc2769a1b78a27578f13a17b -> 
  custom:container-demuxer-webm: 4f35f7cbe854078d1ac9338744f61a02 -> 
  custom:video-encoder-webm-vp8: eb34c28f22e8b96e1ab97ce403110664 -> 
  custom:audio-encoder-webm-vorbis: bf7c407c2cedff20999df2af8eb42d56 -> 
  custom:framework-win-MediaFoundation: 216162199b28c13a410421893ffa2e32 -> 
  custom:container-demuxer-ogg: 62fdf1f143b41e24485cea50d1cbac27 -> 
  custom:video-decoder-webm-vp8: 9c59270c3fd7afecdb556c50c9e8de78 -> 
  custom:audio-decoder-ogg-vorbis: bf7c407c2cedff20999df2af8eb42d56 -> 
========================================================================
Received Prepare
Registering precompiled user dll's ...
Registered in 0.007753 seconds.
Begin MonoManager ReloadAssembly
Symbol file LoadedFromMemory doesn't match image D:\User\AssignmentProject\Library\PackageCache\com.unity.visualscripting@1.7.8\Editor\VisualScripting.Core\Dependencies\YamlDotNet\Unity.VisualScripting.YamlDotNet.dll
Symbol file LoadedFromMemory doesn't match image D:\User\AssignmentProject\Library\PackageCache\com.unity.visualscripting@1.7.8\Editor\VisualScripting.Core\Dependencies\DotNetZip\Unity.VisualScripting.IonicZip.dll
Native extension for WindowsStandalone target not found
Native extension for Android target not found
Refreshing native plugins compatible for Editor in 1.10 ms, found 3 plugins.
Preloading 0 native plugins for Editor in 0.00 ms.
Mono: successfully reloaded assembly
- Completed reload, in  1.197 seconds
Domain Reload Profiling:
	ReloadAssembly (1198ms)
		BeginReloadAssembly (182ms)
			ExecutionOrderSort (0ms)
			DisableScriptedObjects (6ms)
			BackupInstance (0ms)
			ReleaseScriptingObjects (0ms)
			CreateAndSetChildDomain (34ms)
		EndReloadAssembly (896ms)
			LoadAssemblies (143ms)
			RebuildTransferFunctionScriptingTraits (0ms)
			SetupTypeCache (264ms)
			ReleaseScriptCaches (1ms)
			RebuildScriptCaches (46ms)
			SetupLoadedEditorAssemblies (418ms)
				LogAssemblyErrors (0ms)
				InitializePlatformSupportModulesInManaged (31ms)
				SetLoadedEditorAssemblies (1ms)
				RefreshPlugins (1ms)
				BeforeProcessingInitializeOnLoad (89ms)
				ProcessInitializeOnLoadAttributes (240ms)
				ProcessInitializeOnLoadMethodAttributes (34ms)
				AfterProcessingInitializeOnLoad (21ms)
				EditorAssembliesLoaded (0ms)
			ExecutionOrderSort2 (0ms)
			AwakeInstancesAfterBackupRestoration (15ms)
Platform modules already initialized, skipping
Refreshing native plugins compatible for Editor in 2.93 ms, found 3 plugins.
Preloading 0 native plugins for Editor in 0.00 ms.
Unloading 3477 Unused Serialized files (Serialized files now loaded: 0)
Unloading 27 unused Assets / (1.0 MB). Loaded Objects now: 4003.
Memory consumption went from 143.2 MB to 142.2 MB.
Total: 4.431600 ms (FindLiveObjects: 0.593600 ms CreateObjectMapping: 0.123100 ms MarkObjects: 3.171100 ms  DeleteObjects: 0.542000 ms)

AssetImportParameters requested are different than current active one (requested -> active):
  custom:video-decoder-ogg-theora: a1e56fd34408186e4bbccfd4996cb3dc -> 
  custom:container-muxer-webm: aa71ff27fc2769a1b78a27578f13a17b -> 
  custom:container-demuxer-webm: 4f35f7cbe854078d1ac9338744f61a02 -> 
  custom:video-encoder-webm-vp8: eb34c28f22e8b96e1ab97ce403110664 -> 
  custom:audio-encoder-webm-vorbis: bf7c407c2cedff20999df2af8eb42d56 -> 
  custom:framework-win-MediaFoundation: 216162199b28c13a410421893ffa2e32 -> 
  custom:container-demuxer-ogg: 62fdf1f143b41e24485cea50d1cbac27 -> 
  custom:video-decoder-webm-vp8: 9c59270c3fd7afecdb556c50c9e8de78 -> 
  custom:audio-decoder-ogg-vorbis: bf7c407c2cedff20999df2af8eb42d56 -> 
========================================================================
Received Prepare
Registering precompiled user dll's ...
Registered in 0.006610 seconds.
Begin MonoManager ReloadAssembly
Symbol file LoadedFromMemory doesn't match image D:\User\AssignmentProject\Library\PackageCache\com.unity.visualscripting@1.7.8\Editor\VisualScripting.Core\Dependencies\YamlDotNet\Unity.VisualScripting.YamlDotNet.dll
Symbol file LoadedFromMemory doesn't match image D:\User\AssignmentProject\Library\PackageCache\com.unity.visualscripting@1.7.8\Editor\VisualScripting.Core\Dependencies\DotNetZip\Unity.VisualScripting.IonicZip.dll
Native extension for WindowsStandalone target not found
Native extension for Android target not found
Refreshing native plugins compatible for Editor in 0.82 ms, found 3 plugins.
Preloading 0 native plugins for Editor in 0.00 ms.
Mono: successfully reloaded assembly
- Completed reload, in  1.218 seconds
Domain Reload Profiling:
	ReloadAssembly (1219ms)
		BeginReloadAssembly (174ms)
			ExecutionOrderSort (0ms)
			DisableScriptedObjects (7ms)
			BackupInstance (0ms)
			ReleaseScriptingObjects (0ms)
			CreateAndSetChildDomain (33ms)
		EndReloadAssembly (916ms)
			LoadAssemblies (132ms)
			RebuildTransferFunctionScriptingTraits (0ms)
			SetupTypeCache (292ms)
			ReleaseScriptCaches (1ms)
			RebuildScriptCaches (46ms)
			SetupLoadedEditorAssemblies (415ms)
				LogAssemblyErrors (0ms)
				InitializePlatformSupportModulesInManaged (31ms)
				SetLoadedEditorAssemblies (1ms)
				RefreshPlugins (1ms)
				BeforeProcessingInitializeOnLoad (88ms)
				ProcessInitializeOnLoadAttributes (239ms)
				ProcessInitializeOnLoadMethodAttributes (34ms)
				AfterProcessingInitializeOnLoad (21ms)
				EditorAssembliesLoaded (0ms)
			ExecutionOrderSort2 (0ms)
			AwakeInstancesAfterBackupRestoration (13ms)
Platform modules already initialized, skipping
Refreshing native plugins compatible for Editor in 2.31 ms, found 3 plugins.
Preloading 0 native plugins for Editor in 0.00 ms.
Unloading 3477 Unused Serialized files (Serialized files now loaded: 0)
Unloading 27 unused Assets / (1.0 MB). Loaded Objects now: 4006.
Memory consumption went from 143.2 MB to 142.2 MB.
Total: 3.462700 ms (FindLiveObjects: 0.503900 ms CreateObjectMapping: 0.114200 ms MarkObjects: 2.499200 ms  DeleteObjects: 0.344500 ms)

AssetImportParameters requested are different than current active one (requested -> active):
  custom:video-decoder-ogg-theora: a1e56fd34408186e4bbccfd4996cb3dc -> 
  custom:container-muxer-webm: aa71ff27fc2769a1b78a27578f13a17b -> 
  custom:container-demuxer-webm: 4f35f7cbe854078d1ac9338744f61a02 -> 
  custom:video-encoder-webm-vp8: eb34c28f22e8b96e1ab97ce403110664 -> 
  custom:audio-encoder-webm-vorbis: bf7c407c2cedff20999df2af8eb42d56 -> 
  custom:framework-win-MediaFoundation: 216162199b28c13a410421893ffa2e32 -> 
  custom:container-demuxer-ogg: 62fdf1f143b41e24485cea50d1cbac27 -> 
  custom:video-decoder-webm-vp8: 9c59270c3fd7afecdb556c50c9e8de78 -> 
  custom:audio-decoder-ogg-vorbis: bf7c407c2cedff20999df2af8eb42d56 -> 
========================================================================
Received Import Request.
  Time since last request: 582329.169562 seconds.
  path: Assets/Flooded_Grounds/Scenes/Scene_A.unity
  artifactKey: Guid(c0d944ca9defd20449bc336e50d75a08) Importer(815301076,1909f56bfc062723c751e8b465ee728b)
Start importing Assets/Flooded_Grounds/Scenes/Scene_A.unity using Guid(c0d944ca9defd20449bc336e50d75a08) Importer(815301076,1909f56bfc062723c751e8b465ee728b)  -> (artifact id: '3337356b3e21205728ddc6f98c5b60a9') in 0.008101 seconds 
========================================================================
Received Prepare
Registering precompiled user dll's ...
Registered in 0.006924 seconds.
Begin MonoManager ReloadAssembly
Symbol file LoadedFromMemory doesn't match image D:\User\AssignmentProject\Library\PackageCache\com.unity.visualscripting@1.7.8\Editor\VisualScripting.Core\Dependencies\YamlDotNet\Unity.VisualScripting.YamlDotNet.dll
Symbol file LoadedFromMemory doesn't match image D:\User\AssignmentProject\Library\PackageCache\com.unity.visualscripting@1.7.8\Editor\VisualScripting.Core\Dependencies\DotNetZip\Unity.VisualScripting.IonicZip.dll
Native extension for WindowsStandalone target not found
Native extension for Android target not found
Refreshing native plugins compatible for Editor in 0.70 ms, found 3 plugins.
Preloading 0 native plugins for Editor in 0.00 ms.
Mono: successfully reloaded assembly
- Completed reload, in  1.150 seconds
Domain Reload Profiling:
	ReloadAssembly (1151ms)
		BeginReloadAssembly (166ms)
			ExecutionOrderSort (0ms)
			DisableScriptedObjects (6ms)
			BackupInstance (0ms)
			ReleaseScriptingObjects (0ms)
			CreateAndSetChildDomain (34ms)
		EndReloadAssembly (864ms)
			LoadAssemblies (131ms)
			RebuildTransferFunctionScriptingTraits (0ms)
			SetupTypeCache (278ms)
			ReleaseScriptCaches (1ms)
			RebuildScriptCaches (41ms)
			SetupLoadedEditorAssemblies (388ms)
				LogAssemblyErrors (0ms)
				InitializePlatformSupportModulesInManaged (28ms)
				SetLoadedEditorAssemblies (1ms)
				RefreshPlugins (1ms)
				BeforeProcessingInitializeOnLoad (79ms)
				ProcessInitializeOnLoadAttributes (228ms)
				ProcessInitializeOnLoadMethodAttributes (33ms)
				AfterProcessingInitializeOnLoad (19ms)
				EditorAssembliesLoaded (0ms)
			ExecutionOrderSort2 (0ms)
			AwakeInstancesAfterBackupRestoration (12ms)
Platform modules already initialized, skipping
Refreshing native plugins compatible for Editor in 2.81 ms, found 3 plugins.
Preloading 0 native plugins for Editor in 0.00 ms.
Unloading 3477 Unused Serialized files (Serialized files now loaded: 0)
Unloading 27 unused Assets / (1.0 MB). Loaded Objects now: 4009.
Memory consumption went from 143.2 MB to 142.2 MB.
Total: 3.169900 ms (FindLiveObjects: 0.378700 ms CreateObjectMapping: 0.096100 ms MarkObjects: 2.328200 ms  DeleteObjects: 0.365900 ms)

AssetImportParameters requested are different than current active one (requested -> active):
  custom:video-decoder-ogg-theora: a1e56fd34408186e4bbccfd4996cb3dc -> 
  custom:container-muxer-webm: aa71ff27fc2769a1b78a27578f13a17b -> 
  custom:container-demuxer-webm: 4f35f7cbe854078d1ac9338744f61a02 -> 
  custom:video-encoder-webm-vp8: eb34c28f22e8b96e1ab97ce403110664 -> 
  custom:audio-encoder-webm-vorbis: bf7c407c2cedff20999df2af8eb42d56 -> 
  custom:framework-win-MediaFoundation: 216162199b28c13a410421893ffa2e32 -> 
  custom:container-demuxer-ogg: 62fdf1f143b41e24485cea50d1cbac27 -> 
  custom:video-decoder-webm-vp8: 9c59270c3fd7afecdb556c50c9e8de78 -> 
  custom:audio-decoder-ogg-vorbis: bf7c407c2cedff20999df2af8eb42d56 -> 
========================================================================
Received Import Request.
  Time since last request: 299.275309 seconds.
  path: Assets/Targets vol pack/Prefabs/Target vol 1 Variant.prefab
  artifactKey: Guid(eaf27298257511a419ce39ddfa7aa0fa) Importer(815301076,1909f56bfc062723c751e8b465ee728b)
Start importing Assets/Targets vol pack/Prefabs/Target vol 1 Variant.prefab using Guid(eaf27298257511a419ce39ddfa7aa0fa) Importer(815301076,1909f56bfc062723c751e8b465ee728b)  -> (artifact id: 'a80313a6667e1d84b7923b43467d727e') in 0.472394 seconds 
========================================================================
Received Import Request.
  Time since last request: 0.000048 seconds.
  path: Assets/Targets vol pack/Prefabs/Target vol 3 Variant.prefab
  artifactKey: Guid(a951739d1856d274a81af8aad8778fb0) Importer(815301076,1909f56bfc062723c751e8b465ee728b)
Start importing Assets/Targets vol pack/Prefabs/Target vol 3 Variant.prefab using Guid(a951739d1856d274a81af8aad8778fb0) Importer(815301076,1909f56bfc062723c751e8b465ee728b)  -> (artifact id: '404c7ef4ee20e616094c168856caa3fc') in 0.081100 seconds 
========================================================================
Received Import Request.
  Time since last request: 116.517192 seconds.
  path: Assets/Military target/mark.fbx
  artifactKey: Guid(69ac849705380e545b944862e45591c7) Importer(815301076,1909f56bfc062723c751e8b465ee728b)
Start importing Assets/Military target/mark.fbx using Guid(69ac849705380e545b944862e45591c7) Importer(815301076,1909f56bfc062723c751e8b465ee728b)  -> (artifact id: 'abdf7abaff191d02d8baa8a6882acbae') in 0.112246 seconds 
========================================================================
Received Import Request.
  Time since last request: 26.442153 seconds.
  path: Assets/Military target/prefabs_scene.unity
  artifactKey: Guid(087a5be070d2e474ba05d21f00122bbb) Importer(815301076,1909f56bfc062723c751e8b465ee728b)
Start importing Assets/Military target/prefabs_scene.unity using Guid(087a5be070d2e474ba05d21f00122bbb) Importer(815301076,1909f56bfc062723c751e8b465ee728b)  -> (artifact id: '27eddb04d453291f9a7b76c7580fe47b') in 0.002510 seconds 
========================================================================
Received Import Request.
  Time since last request: 30.765168 seconds.
  path: Assets/Military target/Render
  artifactKey: Guid(70a26032930546c44abfc4abcf390ac7) Importer(815301076,1909f56bfc062723c751e8b465ee728b)
Start importing Assets/Military target/Render using Guid(70a26032930546c44abfc4abcf390ac7) Importer(815301076,1909f56bfc062723c751e8b465ee728b)  -> (artifact id: '45546d1e2d86f8983b26c1c5364fcfa8') in 0.003953 seconds 
========================================================================
Received Import Request.
  Time since last request: 1.164658 seconds.
  path: Assets/Military target/Prefabs
  artifactKey: Guid(bd42d4315f39c9a47afbfd1142ec84dc) Importer(815301076,1909f56bfc062723c751e8b465ee728b)
Start importing Assets/Military target/Prefabs using Guid(bd42d4315f39c9a47afbfd1142ec84dc) Importer(815301076,1909f56bfc062723c751e8b465ee728b)  -> (artifact id: '729a4fe4788745b05c6f4b0c7f2c43b7') in 0.003796 seconds 
========================================================================
Received Import Request.
  Time since last request: 0.050421 seconds.
  path: Assets/Military target/Prefabs/Military target.prefab
  artifactKey: Guid(9437be881ad682348bd31aa228922027) Importer(815301076,1909f56bfc062723c751e8b465ee728b)
Start importing Assets/Military target/Prefabs/Military target.prefab using Guid(9437be881ad682348bd31aa228922027) Importer(815301076,1909f56bfc062723c751e8b465ee728b)  -> (artifact id: '45a17c01911ec97328e4b22b3d903926') in 0.019986 seconds 
========================================================================
Received Import Request.
  Time since last request: 17.087244 seconds.
  path: Assets/Flooded_Grounds/Scenes/Scene_A.unity
  artifactKey: Guid(c0d944ca9defd20449bc336e50d75a08) Importer(815301076,1909f56bfc062723c751e8b465ee728b)
Start importing Assets/Flooded_Grounds/Scenes/Scene_A.unity using Guid(c0d944ca9defd20449bc336e50d75a08) Importer(815301076,1909f56bfc062723c751e8b465ee728b)  -> (artifact id: '9988a7e703fb7bba1a7b8a63b47d7e4e') in 0.005244 seconds 
========================================================================
Received Import Request.
  Time since last request: 3.902032 seconds.
  path: Assets/Flooded_Grounds/Scenes/PreAsembeld_Buildings.unity
  artifactKey: Guid(becca19b86da74b4696c89ff8d644228) Importer(815301076,1909f56bfc062723c751e8b465ee728b)
Start importing Assets/Flooded_Grounds/Scenes/PreAsembeld_Buildings.unity using Guid(becca19b86da74b4696c89ff8d644228) Importer(815301076,1909f56bfc062723c751e8b465ee728b)  -> (artifact id: '5569a7a41bab27bf31f3c1d42ec5f448') in 0.002726 seconds 
========================================================================
Received Import Request.
  Time since last request: 140.217102 seconds.
  path: Assets/Military target/Prefabs/Military target.prefab
  artifactKey: Guid(9437be881ad682348bd31aa228922027) Importer(815301076,1909f56bfc062723c751e8b465ee728b)
Start importing Assets/Military target/Prefabs/Military target.prefab using Guid(9437be881ad682348bd31aa228922027) Importer(815301076,1909f56bfc062723c751e8b465ee728b)  -> (artifact id: '4d5375650c4ac790f4b6b033b7fe810d') in 0.029507 seconds 
========================================================================
Received Import Request.
  Time since last request: 0.756418 seconds.
  path: Assets/Military target/Prefabs/Military target.prefab
  artifactKey: Guid(9437be881ad682348bd31aa228922027) Importer(815301076,1909f56bfc062723c751e8b465ee728b)
Start importing Assets/Military target/Prefabs/Military target.prefab using Guid(9437be881ad682348bd31aa228922027) Importer(815301076,1909f56bfc062723c751e8b465ee728b)  -> (artifact id: 'e40bb65197e175f4a39cfac2fe32ff25') in 0.020746 seconds 
========================================================================
Received Import Request.
  Time since last request: 8.783065 seconds.
  path: Assets/Military target/Prefabs/Military target.prefab
  artifactKey: Guid(9437be881ad682348bd31aa228922027) Importer(815301076,1909f56bfc062723c751e8b465ee728b)
Start importing Assets/Military target/Prefabs/Military target.prefab using Guid(9437be881ad682348bd31aa228922027) Importer(815301076,1909f56bfc062723c751e8b465ee728b)  -> (artifact id: 'a8c2cf443ee977b968c37d3e8e9f116f') in 0.017517 seconds 
========================================================================
Received Import Request.
  Time since last request: 8.633395 seconds.
  path: Assets/Military target/Materials/Military target.mat
  artifactKey: Guid(a780d8adc2ef5ae4ca56cd6715aa882c) Importer(815301076,1909f56bfc062723c751e8b465ee728b)
Start importing Assets/Military target/Materials/Military target.mat using Guid(a780d8adc2ef5ae4ca56cd6715aa882c) Importer(815301076,1909f56bfc062723c751e8b465ee728b)  -> (artifact id: '150a16487572ea8ee5780e4063f073d6') in 0.024570 seconds 
========================================================================
Received Import Request.
  Time since last request: 0.767969 seconds.
  path: Assets/Military target/LODs/lod0.fbx
  artifactKey: Guid(dff5b14c21a72844db69f2eb20362be9) Importer(815301076,1909f56bfc062723c751e8b465ee728b)
Start importing Assets/Military target/LODs/lod0.fbx using Guid(dff5b14c21a72844db69f2eb20362be9) Importer(815301076,1909f56bfc062723c751e8b465ee728b)  -> (artifact id: 'c846c9345e3223e5c48853ef535aecdd') in 0.026341 seconds 
========================================================================
Received Import Request.
  Time since last request: 0.000020 seconds.
  path: Assets/Military target/LODs/lod3.fbx
  artifactKey: Guid(165f2d49c11cd18479a63e85868bd142) Importer(815301076,1909f56bfc062723c751e8b465ee728b)
Start importing Assets/Military target/LODs/lod3.fbx using Guid(165f2d49c11cd18479a63e85868bd142) Importer(815301076,1909f56bfc062723c751e8b465ee728b)  -> (artifact id: '9ea9e615251789adf89fef3a45716e60') in 0.027855 seconds 
========================================================================
Received Import Request.
  Time since last request: 469.292561 seconds.
  path: Assets/_TerrainAutoUpgrade/New Folder
  artifactKey: Guid(791aec81acb0bca48a4c397250a80281) Importer(815301076,1909f56bfc062723c751e8b465ee728b)
Start importing Assets/_TerrainAutoUpgrade/New Folder using Guid(791aec81acb0bca48a4c397250a80281) Importer(815301076,1909f56bfc062723c751e8b465ee728b)  -> (artifact id: '8a305666d7be1bbbb0d1d00ade43c671') in 0.003724 seconds 
========================================================================
Received Import Request.
  Time since last request: 2.053299 seconds.
  path: Assets
  artifactKey: Guid(00000000000000001000000000000000) Importer(815301076,1909f56bfc062723c751e8b465ee728b)
Start importing Assets using Guid(00000000000000001000000000000000) Importer(815301076,1909f56bfc062723c751e8b465ee728b)  -> (artifact id: '79842766b460edbeab6a34051e857a80') in 0.003652 seconds 
========================================================================
Received Import Request.
  Time since last request: 5.686248 seconds.
  path: Assets/Scripts
  artifactKey: Guid(6c4874ed6d07f3042ae9b54e74efc086) Importer(815301076,1909f56bfc062723c751e8b465ee728b)
Start importing Assets/Scripts using Guid(6c4874ed6d07f3042ae9b54e74efc086) Importer(815301076,1909f56bfc062723c751e8b465ee728b)  -> (artifact id: '44b512e91bd3f9ef625881cde240a160') in 0.003390 seconds 
========================================================================
Received Import Request.
  Time since last request: 3.678217 seconds.
  path: Assets/Scenes
  artifactKey: Guid(6ea315d0fd7389c41b19996891e99ae3) Importer(815301076,1909f56bfc062723c751e8b465ee728b)
Start importing Assets/Scenes using Guid(6ea315d0fd7389c41b19996891e99ae3) Importer(815301076,1909f56bfc062723c751e8b465ee728b)  -> (artifact id: 'b8193726cff86800c54781cdc6d54904') in 0.003065 seconds 
========================================================================
Received Import Request.
  Time since last request: 0.467951 seconds.
  path: Assets/Military target
  artifactKey: Guid(9f21f42a3d5b7714fbd1b51861000360) Importer(815301076,1909f56bfc062723c751e8b465ee728b)
Start importing Assets/Military target using Guid(9f21f42a3d5b7714fbd1b51861000360) Importer(815301076,1909f56bfc062723c751e8b465ee728b)  -> (artifact id: '006c9bf1db147e6378737c1fa60d4165') in 0.003512 seconds 
========================================================================
Received Import Request.
  Time since last request: 11.384458 seconds.
  path: Assets/Scenes/Map Demo
  artifactKey: Guid(26f744c57d0d81240a3303cba0d486ab) Importer(815301076,1909f56bfc062723c751e8b465ee728b)
Start importing Assets/Scenes/Map Demo using Guid(26f744c57d0d81240a3303cba0d486ab) Importer(815301076,1909f56bfc062723c751e8b465ee728b)  -> (artifact id: '932f680e86beec372827176df54457cb') in 0.003423 seconds 
========================================================================
Received Import Request.
  Time since last request: 7.042137 seconds.
  path: Assets/Scenes/Vfx Demo
  artifactKey: Guid(21be49eb5ce6b6542961bdd11006a88c) Importer(815301076,1909f56bfc062723c751e8b465ee728b)
Start importing Assets/Scenes/Vfx Demo using Guid(21be49eb5ce6b6542961bdd11006a88c) Importer(815301076,1909f56bfc062723c751e8b465ee728b)  -> (artifact id: '700f7d890902ddd31a25c10c8cb75c53') in 0.003184 seconds 
========================================================================
Received Import Request.
  Time since last request: 51.090277 seconds.
  path: Assets/Scenes/Map Demo
  artifactKey: Guid(31e2e1d8e55bde84ea36da51fd5c6a03) Importer(815301076,1909f56bfc062723c751e8b465ee728b)
Start importing Assets/Scenes/Map Demo using Guid(31e2e1d8e55bde84ea36da51fd5c6a03) Importer(815301076,1909f56bfc062723c751e8b465ee728b)  -> (artifact id: '2f02f86a3f03c9b09ac5d834146ab15f') in 0.002664 seconds 
========================================================================
Received Import Request.
  Time since last request: 30.806878 seconds.
  path: Assets/Scenes/Vfx Demo/fire
  artifactKey: Guid(bf9298fc06c57994cbbf8b021b1820f4) Importer(815301076,1909f56bfc062723c751e8b465ee728b)
Start importing Assets/Scenes/Vfx Demo/fire using Guid(bf9298fc06c57994cbbf8b021b1820f4) Importer(815301076,1909f56bfc062723c751e8b465ee728b)  -> (artifact id: '52a737051db631bf6ac2ad9bfe4d8917') in 0.003811 seconds 
========================================================================
Received Import Request.
  Time since last request: 27.929218 seconds.
  path: Assets/Material
  artifactKey: Guid(141904a0241f3c74fb50b00230220063) Importer(815301076,1909f56bfc062723c751e8b465ee728b)
Start importing Assets/Material using Guid(141904a0241f3c74fb50b00230220063) Importer(815301076,1909f56bfc062723c751e8b465ee728b)  -> (artifact id: '216e38f15f0e0d5c13ac1180e5d0a948') in 0.004420 seconds 
========================================================================
Received Import Request.
  Time since last request: 8.686379 seconds.
  path: Assets/Material/Materials
  artifactKey: Guid(94d232482e5153c409c94bfb77af17b9) Importer(815301076,1909f56bfc062723c751e8b465ee728b)
Start importing Assets/Material/Materials using Guid(94d232482e5153c409c94bfb77af17b9) Importer(815301076,1909f56bfc062723c751e8b465ee728b)  -> (artifact id: '8f8e43de05d5fffa022292aefd105b3c') in 0.002833 seconds 
========================================================================
Received Import Request.
  Time since last request: 5.524887 seconds.
  path: Assets/Material/Target
  artifactKey: Guid(94d232482e5153c409c94bfb77af17b9) Importer(815301076,1909f56bfc062723c751e8b465ee728b)
Start importing Assets/Material/Target using Guid(94d232482e5153c409c94bfb77af17b9) Importer(815301076,1909f56bfc062723c751e8b465ee728b)  -> (artifact id: '707c7acad561429ecac743d48de04e2e') in 0.004156 seconds 
========================================================================
Received Import Request.
  Time since last request: 22.482725 seconds.
  path: Assets/Material/Materials
  artifactKey: Guid(c109c1384274de146a494be626c64b64) Importer(815301076,1909f56bfc062723c751e8b465ee728b)
Start importing Assets/Material/Materials using Guid(c109c1384274de146a494be626c64b64) Importer(815301076,1909f56bfc062723c751e8b465ee728b)  -> (artifact id: 'e0a3854d288d8e73e31b08c5aa007792') in 0.003345 seconds 
========================================================================
Received Import Request.
  Time since last request: 6.944603 seconds.
  path: Assets/Material/Materials/New Folder
  artifactKey: Guid(95db73c0f1400124ba395189aa52b6bb) Importer(815301076,1909f56bfc062723c751e8b465ee728b)
Start importing Assets/Material/Materials/New Folder using Guid(95db73c0f1400124ba395189aa52b6bb) Importer(815301076,1909f56bfc062723c751e8b465ee728b)  -> (artifact id: '2d8818d50a283da052084300edcf06d5') in 0.003050 seconds 
========================================================================
Received Import Request.
  Time since last request: 9.786815 seconds.
  path: Assets/Material/Fire
  artifactKey: Guid(c109c1384274de146a494be626c64b64) Importer(815301076,1909f56bfc062723c751e8b465ee728b)
Start importing Assets/Material/Fire using Guid(c109c1384274de146a494be626c64b64) Importer(815301076,1909f56bfc062723c751e8b465ee728b)  -> (artifact id: '3b7b56b23c67d0c5370b37a8d1d534e8') in 0.003142 seconds 
========================================================================
Received Import Request.
  Time since last request: 34.573073 seconds.
  path: Assets/Military target/Render/in_unity.png
  artifactKey: Guid(1f0d116595e104c4fb324dabd21c8bae) Importer(815301076,1909f56bfc062723c751e8b465ee728b)
Start importing Assets/Military target/Render/in_unity.png using Guid(1f0d116595e104c4fb324dabd21c8bae) Importer(815301076,1909f56bfc062723c751e8b465ee728b)  -> (artifact id: '3907e7a7f21cd345f39dc9589288d62c') in 0.032071 seconds 
========================================================================
Received Import Request.
  Time since last request: 0.000022 seconds.
  path: Assets/Military target/Render/render_128_x_128.png
  artifactKey: Guid(0eb1b553c1d744d41b7d66aa7b5aedba) Importer(815301076,1909f56bfc062723c751e8b465ee728b)
Start importing Assets/Military target/Render/render_128_x_128.png using Guid(0eb1b553c1d744d41b7d66aa7b5aedba) Importer(815301076,1909f56bfc062723c751e8b465ee728b)  -> (artifact id: '9395ee1a48dea02c5909556a0edb5918') in 0.016543 seconds 
========================================================================
Received Import Request.
  Time since last request: 0.000038 seconds.
  path: Assets/Military target/Render/screenshot007.png
  artifactKey: Guid(148b51409821c4d4087b7ca06668ce4d) Importer(815301076,1909f56bfc062723c751e8b465ee728b)
Start importing Assets/Military target/Render/screenshot007.png using Guid(148b51409821c4d4087b7ca06668ce4d) Importer(815301076,1909f56bfc062723c751e8b465ee728b)  -> (artifact id: '6aa89ff019f382a9a3b643ed7bed101a') in 0.019890 seconds 
========================================================================
Received Import Request.
  Time since last request: 0.000040 seconds.
  path: Assets/Military target/Render/render_200_x_124.png
  artifactKey: Guid(a529b2905edcc5a4a9004b4a813b5672) Importer(815301076,1909f56bfc062723c751e8b465ee728b)
Start importing Assets/Military target/Render/render_200_x_124.png using Guid(a529b2905edcc5a4a9004b4a813b5672) Importer(815301076,1909f56bfc062723c751e8b465ee728b)  -> (artifact id: '17087d9e7d3378c84616aaa1a29dd803') in 0.016529 seconds 
========================================================================
Received Import Request.
  Time since last request: 0.000041 seconds.
  path: Assets/Military target/Render/screenshot000.png
  artifactKey: Guid(65eefe19d291f314a87096bbadfb9fda) Importer(815301076,1909f56bfc062723c751e8b465ee728b)
Start importing Assets/Military target/Render/screenshot000.png using Guid(65eefe19d291f314a87096bbadfb9fda) Importer(815301076,1909f56bfc062723c751e8b465ee728b)  -> (artifact id: '87835a408f46c7203191004e89ea8a2b') in 0.017265 seconds 
========================================================================
Received Import Request.
  Time since last request: 0.000044 seconds.
  path: Assets/Military target/Render/screenshot009.png
  artifactKey: Guid(323d1da93d56b5648bc0973fdf68d7f4) Importer(815301076,1909f56bfc062723c751e8b465ee728b)
Start importing Assets/Military target/Render/screenshot009.png using Guid(323d1da93d56b5648bc0973fdf68d7f4) Importer(815301076,1909f56bfc062723c751e8b465ee728b)  -> (artifact id: '66ed520223791efdfb722ba4b656dcef') in 0.029948 seconds 
========================================================================
Received Import Request.
  Time since last request: 0.000041 seconds.
  path: Assets/Military target/Render/screenshot011.png
  artifactKey: Guid(e50b28bb745a2334db7e7c0734cde8c3) Importer(815301076,1909f56bfc062723c751e8b465ee728b)
Start importing Assets/Military target/Render/screenshot011.png using Guid(e50b28bb745a2334db7e7c0734cde8c3) Importer(815301076,1909f56bfc062723c751e8b465ee728b)  -> (artifact id: 'b0a1641f70c8f36b31bcc1a484b0503d') in 0.025845 seconds 
========================================================================
Received Import Request.
  Time since last request: 0.000029 seconds.
  path: Assets/Military target/Render/screenshot002.png
  artifactKey: Guid(6d4e8e224e2c8cc4486fb81fdadd361d) Importer(815301076,1909f56bfc062723c751e8b465ee728b)
Start importing Assets/Military target/Render/screenshot002.png using Guid(6d4e8e224e2c8cc4486fb81fdadd361d) Importer(815301076,1909f56bfc062723c751e8b465ee728b)  -> (artifact id: '7ce3adea527e8c43244414e4c9818af4') in 0.014906 seconds 
========================================================================
Received Import Request.
  Time since last request: 0.000029 seconds.
  path: Assets/Military target/Render/screenshot004.png
  artifactKey: Guid(d366e2963180c8149a380f79fe1ad899) Importer(815301076,1909f56bfc062723c751e8b465ee728b)
Start importing Assets/Military target/Render/screenshot004.png using Guid(d366e2963180c8149a380f79fe1ad899) Importer(815301076,1909f56bfc062723c751e8b465ee728b)  -> (artifact id: '2a3781d08341359db4e6fd25b6bc1882') in 0.016924 seconds 
Editor requested this worker to shutdown with reason: Scaling down because of idle timeout
AssetImportWorker is now disconnected from the server
Process exiting
Exiting without the bug reporter. Application will terminate with return code 0